New log file opened at Sun Feb 12 04:42:37 EAT 2017 by 25572@X-PC
jvm 25572@X-PC
jvm vmName=Java HotSpot(TM) Client VM vmVendor=Oracle Corporation vmVersion=25.112-b15
jvm specName=Java Virtual Machine Specification specVendor=Oracle Corporation specVersion=1.8
jvm arguments: [-Xms256m, -Xmx1024m, -XX:MetaspaceSize=64m, -XX:MaxMetaspaceSize=256m]
Starting event engine
Starting sbt command engine
Waiting for sbt command engine
Command engine arguments=List()
Command engine baseDirectory=H:\isaacKhaguli\play-rest-api
Command engine initial remaining commands List(--initialize, onFailure load-failed, boot, server-send-ready-for-request, server-handle-next-server-request)
> --initialize
> initialize
> onFailure load-failed
> boot
> reload
[Loading] Scanning directory H:\isaacKhaguli\play-rest-api\project
[Loading] Found non-root projects 
[Loading] Done in H:\isaacKhaguli\play-rest-api\project, returning: ()
deducing auto plugins based on known facts Set(Atom(sbt.plugins.CorePlugin)) and clauses Clauses(List(Clause(Atom(sbt.plugins.JvmPlugin),Set(Atom(sbt.plugins.IvyPlugin))), Clause(Atom(sbt.plugins.JUnitXmlReportPlugin),Set(Atom(sbt.plugins.JvmPlugin))), Clause(Atom(sbt.plugins.CorePlugin),Set(Atom(sbt.plugins.IvyPlugin))), Clause(Atom(sbt.plugins.IvyPlugin),Set(Atom(sbt.plugins.JvmPlugin))), Clause(Atom(sbt.plugins.JvmPlugin),Set(Atom(sbt.plugins.JUnitXmlReportPlugin)))))
  :: deduced result: Matched(sbt.plugins.CorePlugin,sbt.plugins.IvyPlugin,sbt.plugins.JvmPlugin,sbt.plugins.JUnitXmlReportPlugin)
sorting: ns: List(sbt.plugins.CorePlugin, sbt.plugins.IvyPlugin, sbt.plugins.JvmPlugin, sbt.plugins.JUnitXmlReportPlugin)
  :: sorting:: found: List(sbt.plugins.CorePlugin) not found List(sbt.plugins.IvyPlugin, sbt.plugins.JvmPlugin, sbt.plugins.JUnitXmlReportPlugin)
  :: sorting:: found: List(sbt.plugins.CorePlugin, sbt.plugins.IvyPlugin) not found List(sbt.plugins.JvmPlugin, sbt.plugins.JUnitXmlReportPlugin)
  :: sorting:: found: List(sbt.plugins.CorePlugin, sbt.plugins.IvyPlugin, sbt.plugins.JvmPlugin) not found List(sbt.plugins.JUnitXmlReportPlugin)
  :: sorting:: found: List(sbt.plugins.CorePlugin, sbt.plugins.IvyPlugin, sbt.plugins.JvmPlugin, sbt.plugins.JUnitXmlReportPlugin) not found List()
  :: sorted deduced result: List(sbt.plugins.CorePlugin, sbt.plugins.IvyPlugin, sbt.plugins.JvmPlugin, sbt.plugins.JUnitXmlReportPlugin)
[Loading] Done in H:\isaacKhaguli\play-rest-api\project, returning: (play-rest-api-build)
[ERROR] Terminal initialization failed; falling back to unsupported
java.lang.NoClassDefFoundError: Could not initialize class org.fusesource.jansi.internal.Kernel32
	at org.fusesource.jansi.internal.WindowsSupport.getConsoleMode(WindowsSupport.java:50)
	at jline.WindowsTerminal.getConsoleMode(WindowsTerminal.java:177)
	at jline.WindowsTerminal.init(WindowsTerminal.java:80)
	at jline.TerminalFactory.create(TerminalFactory.java:101)
	at jline.TerminalFactory.get(TerminalFactory.java:159)
	at sbt.ConsoleLogger$.ansiSupported(ConsoleLogger.scala:123)
	at sbt.ConsoleLogger$.<init>(ConsoleLogger.scala:117)
	at sbt.ConsoleLogger$.<clinit>(ConsoleLogger.scala)
	at sbt.MainLogging$.defaultBacked$default$1(MainLogging.scala:46)
	at sbt.LogManager$.withLoggers$default$2(LogManager.scala:37)
	at sbt.LogManager$.defaults(LogManager.scala:32)
	at sbt.Defaults$$anonfun$projectCore$2.apply(Defaults.scala:165)
	at sbt.Defaults$$anonfun$projectCore$2.apply(Defaults.scala:165)
	at scala.Function1$$anonfun$compose$1.apply(Function1.scala:47)
	at sbt.EvaluateSettings$MixedNode.evaluate0(INode.scala:175)
	at sbt.EvaluateSettings$INode.evaluate(INode.scala:135)
	at sbt.EvaluateSettings$$anonfun$sbt$EvaluateSettings$$submitEvaluate$1.apply$mcV$sp(INode.scala:69)
	at sbt.EvaluateSettings.sbt$EvaluateSettings$$run0(INode.scala:78)
	at sbt.EvaluateSettings$$anon$3.run(INode.scala:74)
	at java.util.concurrent.ThreadPoolExecutor.runWorker(ThreadPoolExecutor.java:1142)
	at java.util.concurrent.ThreadPoolExecutor$Worker.run(ThreadPoolExecutor.java:617)
	at java.lang.Thread.run(Thread.java:745)

Loading project definition from H:\isaacKhaguli\play-rest-api\project
Running task... Cancel: sbt.TaskCancellationStrategy$Null$@fe5b7f, check cycles: false

Initial source changes: 
	removed:Set()
	added: Set()
	modified: Set()
Removed products: Set()
External API changes: API Changes: Set()
Modified binary dependencies: Set()
Initial directly invalidated sources: Set()

Sources indirectly invalidated by:
	product: Set()
	binary dep: Set()
	external source: Set()
All initially invalidated sources: Set()

Copy resource mappings: 
	(H:\isaacKhaguli\play-rest-api\project\target\scala-2.10\sbt-0.13\resource_managed\main\sbt\sbt.autoplugins,H:\isaacKhaguli\play-rest-api\project\target\scala-2.10\sbt-0.13\classes\sbt\sbt.autoplugins)
[Loading] Scanning directory H:\isaacKhaguli\play-rest-api
[Loading] Found root project root w/ remaining docs
deducing auto plugins based on known facts Set(Atom(io.gatling.sbt.GatlingPlugin), Atom(Common), Atom(play.sbt.PlayScala), Atom(sbt.plugins.CorePlugin)) and clauses Clauses(List(Clause(Atom(sbt.plugins.JvmPlugin),Set(Atom(sbt.plugins.IvyPlugin))), Clause(Atom(sbt.plugins.JUnitXmlReportPlugin),Set(Atom(sbt.plugins.JvmPlugin))), Clause(Atom(play.sbt.forkrun.PlayForkRun),Set(Atom(sbt.plugins.BackgroundRunPlugin))), Clause(Atom(play.sbt.forkrun.PlayForkRun),Set(Atom(play.sbt.Play))), Clause(Atom(play.sbt.forkrun.PlayForkRun),Set(Atom(sbt.plugins.SerializersPlugin))), Clause(Atom(play.sbt.Play),Set(Atom(com.typesafe.sbt.packager.archetypes.JavaServerAppPackaging))), Clause(Atom(play.sbt.Play),Set(Atom(play.sbt.routes.RoutesCompiler))), Clause(Atom(play.sbt.Play),Set(Atom(play.twirl.sbt.SbtTwirl))), Clause(Atom(play.sbt.Play),Set(Atom(com.typesafe.sbt.jse.SbtJsTask))), Clause(Atom(play.sbt.PlayAkkaHttpServer),Set(Atom(play.sbt.Play))), Clause(Atom(play.sbt.PlayJava),Set(Atom(play.sbt.Play))), Clause(Atom(play.sbt.PlayLayoutPlugin),Set(Atom(play.sbt.Play))), Clause(Atom(play.sbt.PlayLogback),Set(Atom(play.sbt.Play))), Clause(Atom(play.sbt.PlayNettyServer),Set(Atom(play.sbt.Play))), Clause(Atom(play.sbt.PlayScala),Set(Atom(play.sbt.Play))), Clause(Atom(play.sbt.routes.RoutesCompiler),Set(Atom(sbt.plugins.JvmPlugin))), Clause(Atom(play.twirl.sbt.SbtTwirl),Set(Atom(sbt.plugins.JvmPlugin))), Clause(Atom(com.typesafe.sbt.packager.archetypes.AkkaAppPackaging),Set(Atom(com.typesafe.sbt.packager.archetypes.JavaAppPackaging))), Clause(Atom(com.typesafe.sbt.packager.archetypes.JavaAppPackaging),Set(Atom(com.typesafe.sbt.packager.windows.WindowsPlugin))), Clause(Atom(com.typesafe.sbt.packager.archetypes.JavaAppPackaging),Set(Atom(com.typesafe.sbt.packager.docker.DockerPlugin))), Clause(Atom(com.typesafe.sbt.packager.archetypes.JavaAppPackaging),Set(Atom(com.typesafe.sbt.packager.debian.DebianPlugin))), Clause(Atom(com.typesafe.sbt.packager.archetypes.JavaAppPackaging),Set(Atom(com.typesafe.sbt.packager.rpm.RpmPlugin))), Clause(Atom(com.typesafe.sbt.packager.archetypes.JavaServerAppPackaging),Set(Atom(com.typesafe.sbt.packager.archetypes.JavaAppPackaging))), Clause(Atom(com.typesafe.sbt.packager.archetypes.jar.ClasspathJarPlugin),Set(Atom(com.typesafe.sbt.packager.archetypes.JavaAppPackaging))), Clause(Atom(com.typesafe.sbt.packager.archetypes.jar.LauncherJarPlugin),Set(Atom(com.typesafe.sbt.packager.archetypes.JavaAppPackaging))), Clause(Atom(com.typesafe.sbt.packager.debian.DebianDeployPlugin),Set(Atom(com.typesafe.sbt.packager.debian.DebianPlugin))), Clause(Atom(com.typesafe.sbt.packager.debian.DebianPlugin),Set(Atom(com.typesafe.sbt.packager.linux.LinuxPlugin))), Clause(Atom(com.typesafe.sbt.packager.debian.JDebPackaging),Set(Atom(com.typesafe.sbt.packager.debian.DebianPlugin))), Clause(Atom(com.typesafe.sbt.packager.docker.DockerPlugin),Set(Atom(com.typesafe.sbt.packager.universal.UniversalPlugin))), Clause(Atom(com.typesafe.sbt.packager.jdkpackager.JDKPackagerDeployPlugin),Set(Atom(com.typesafe.sbt.packager.jdkpackager.JDKPackagerPlugin))), Clause(Atom(com.typesafe.sbt.packager.jdkpackager.JDKPackagerPlugin),Set(Atom(com.typesafe.sbt.packager.archetypes.JavaAppPackaging))), Clause(Atom(com.typesafe.sbt.packager.jdkpackager.JDKPackagerPlugin),Set(Atom(com.typesafe.sbt.packager.archetypes.jar.LauncherJarPlugin))), Clause(Atom(com.typesafe.sbt.packager.linux.LinuxPlugin),Set(Atom(com.typesafe.sbt.packager.universal.UniversalPlugin))), Clause(Atom(com.typesafe.sbt.packager.rpm.RpmDeployPlugin),Set(Atom(com.typesafe.sbt.packager.rpm.RpmPlugin))), Clause(Atom(com.typesafe.sbt.packager.rpm.RpmPlugin),Set(Atom(com.typesafe.sbt.packager.linux.LinuxPlugin))), Clause(Atom(com.typesafe.sbt.packager.universal.UniversalDeployPlugin),Set(Atom(com.typesafe.sbt.packager.universal.UniversalPlugin))), Clause(Atom(com.typesafe.sbt.packager.universal.UniversalPlugin),Set(Atom(com.typesafe.sbt.SbtNativePackager))), Clause(Atom(com.typesafe.sbt.packager.windows.WindowsDeployPlugin),Set(Atom(com.typesafe.sbt.packager.windows.WindowsPlugin))), Clause(Atom(com.typesafe.sbt.packager.windows.WindowsPlugin),Set(Atom(com.typesafe.sbt.packager.universal.UniversalPlugin))), Clause(Atom(com.typesafe.sbt.web.SbtWeb),Set(Atom(sbt.plugins.JvmPlugin))), Clause(Atom(com.typesafe.sbt.jse.SbtJsEngine),Set(Atom(com.typesafe.sbt.web.SbtWeb))), Clause(Atom(com.typesafe.sbt.jse.SbtJsTask),Set(Atom(com.typesafe.sbt.jse.SbtJsEngine))), Clause(Atom(sbt.plugins.BackgroundRunPlugin),Set(Atom(sbt.plugins.JvmPlugin))), Clause(Atom(com.lightbend.paradox.sbt.ParadoxPlugin),Set(Atom(com.typesafe.sbt.web.SbtWeb))), Clause(Atom(io.gatling.sbt.GatlingPlugin),Set(Atom(sbt.plugins.JvmPlugin))), Clause(Atom(org.scalafmt.sbt.ScalaFmtPlugin),Set(Atom(sbt.plugins.JvmPlugin))), Clause(Atom(Common),Set(Atom(sbt.plugins.JvmPlugin))), Clause(Atom(sbt.plugins.CorePlugin),Set(Atom(sbt.plugins.IvyPlugin))), Clause(Atom(sbt.plugins.IvyPlugin),Set(Atom(sbt.plugins.JvmPlugin))), Clause(Atom(sbt.plugins.JvmPlugin),Set(Atom(sbt.plugins.JUnitXmlReportPlugin))), Clause(And(Set(Atom(sbt.plugins.BackgroundRunPlugin), Atom(play.sbt.Play), Atom(sbt.plugins.SerializersPlugin))),Set(Atom(play.sbt.forkrun.PlayForkRun))), Clause(Atom(play.sbt.Play),Set(Atom(play.sbt.PlayLayoutPlugin))), Clause(Atom(play.sbt.Play),Set(Atom(play.sbt.PlayLogback))), Clause(Atom(play.sbt.Play),Set(Atom(play.sbt.PlayNettyServer))), Clause(Atom(com.typesafe.sbt.web.SbtWeb),Set(Atom(com.typesafe.sbt.jse.SbtJsEngine))), Clause(Atom(com.typesafe.sbt.jse.SbtJsEngine),Set(Atom(com.typesafe.sbt.jse.SbtJsTask))), Clause(Atom(sbt.plugins.JvmPlugin),Set(Atom(sbt.plugins.BackgroundRunPlugin))), Clause(Atom(sbt.plugins.CorePlugin),Set(Atom(sbt.plugins.InteractionServicePlugin))), Clause(Atom(sbt.plugins.CorePlugin),Set(Atom(sbt.plugins.SendEventServicePlugin))), Clause(Atom(sbt.plugins.CorePlugin),Set(Atom(sbt.plugins.SerializersPlugin))), Clause(Atom(sbt.plugins.JvmPlugin),Set(Atom(org.scalafmt.sbt.ScalaFmtPlugin)))))
  :: deduced result: Matched(sbt.plugins.CorePlugin,play.sbt.PlayScala,Common,io.gatling.sbt.GatlingPlugin,sbt.plugins.JvmPlugin,sbt.plugins.InteractionServicePlugin,sbt.plugins.SendEventServicePlugin,play.sbt.Play,sbt.plugins.SerializersPlugin,sbt.plugins.IvyPlugin,com.typesafe.sbt.packager.archetypes.JavaServerAppPackaging,play.twirl.sbt.SbtTwirl,org.scalafmt.sbt.ScalaFmtPlugin,play.sbt.PlayNettyServer,sbt.plugins.JUnitXmlReportPlugin,play.sbt.PlayLayoutPlugin,play.sbt.routes.RoutesCompiler,play.sbt.PlayLogback,com.typesafe.sbt.jse.SbtJsTask,sbt.plugins.BackgroundRunPlugin,play.sbt.forkrun.PlayForkRun,com.typesafe.sbt.jse.SbtJsEngine,com.typesafe.sbt.packager.archetypes.JavaAppPackaging,com.typesafe.sbt.packager.rpm.RpmPlugin,com.typesafe.sbt.packager.windows.WindowsPlugin,com.typesafe.sbt.web.SbtWeb,com.typesafe.sbt.packager.docker.DockerPlugin,com.typesafe.sbt.packager.debian.DebianPlugin,com.typesafe.sbt.packager.universal.UniversalPlugin,com.typesafe.sbt.packager.linux.LinuxPlugin,com.typesafe.sbt.SbtNativePackager)
sorting: ns: List(sbt.plugins.CorePlugin, play.sbt.PlayScala, Common, io.gatling.sbt.GatlingPlugin, sbt.plugins.JvmPlugin, sbt.plugins.InteractionServicePlugin, sbt.plugins.SendEventServicePlugin, play.sbt.Play, sbt.plugins.SerializersPlugin, sbt.plugins.IvyPlugin, com.typesafe.sbt.packager.archetypes.JavaServerAppPackaging, play.twirl.sbt.SbtTwirl, org.scalafmt.sbt.ScalaFmtPlugin, play.sbt.PlayNettyServer, sbt.plugins.JUnitXmlReportPlugin, play.sbt.PlayLayoutPlugin, play.sbt.routes.RoutesCompiler, play.sbt.PlayLogback, com.typesafe.sbt.jse.SbtJsTask, sbt.plugins.BackgroundRunPlugin, play.sbt.forkrun.PlayForkRun, com.typesafe.sbt.jse.SbtJsEngine, com.typesafe.sbt.packager.archetypes.JavaAppPackaging, com.typesafe.sbt.packager.rpm.RpmPlugin, com.typesafe.sbt.packager.windows.WindowsPlugin, com.typesafe.sbt.web.SbtWeb, com.typesafe.sbt.packager.docker.DockerPlugin, com.typesafe.sbt.packager.debian.DebianPlugin, com.typesafe.sbt.packager.universal.UniversalPlugin, com.typesafe.sbt.packager.linux.LinuxPlugin, com.typesafe.sbt.SbtNativePackager)
  :: sorting:: found: List(sbt.plugins.CorePlugin, com.typesafe.sbt.SbtNativePackager) not found List(play.sbt.PlayScala, Common, io.gatling.sbt.GatlingPlugin, sbt.plugins.JvmPlugin, sbt.plugins.InteractionServicePlugin, sbt.plugins.SendEventServicePlugin, play.sbt.Play, sbt.plugins.SerializersPlugin, sbt.plugins.IvyPlugin, com.typesafe.sbt.packager.archetypes.JavaServerAppPackaging, play.twirl.sbt.SbtTwirl, org.scalafmt.sbt.ScalaFmtPlugin, play.sbt.PlayNettyServer, sbt.plugins.JUnitXmlReportPlugin, play.sbt.PlayLayoutPlugin, play.sbt.routes.RoutesCompiler, play.sbt.PlayLogback, com.typesafe.sbt.jse.SbtJsTask, sbt.plugins.BackgroundRunPlugin, play.sbt.forkrun.PlayForkRun, com.typesafe.sbt.jse.SbtJsEngine, com.typesafe.sbt.packager.archetypes.JavaAppPackaging, com.typesafe.sbt.packager.rpm.RpmPlugin, com.typesafe.sbt.packager.windows.WindowsPlugin, com.typesafe.sbt.web.SbtWeb, com.typesafe.sbt.packager.docker.DockerPlugin, com.typesafe.sbt.packager.debian.DebianPlugin, com.typesafe.sbt.packager.universal.UniversalPlugin, com.typesafe.sbt.packager.linux.LinuxPlugin)
  :: sorting:: found: List(sbt.plugins.CorePlugin, com.typesafe.sbt.SbtNativePackager, sbt.plugins.InteractionServicePlugin, sbt.plugins.SendEventServicePlugin, sbt.plugins.SerializersPlugin, sbt.plugins.IvyPlugin, com.typesafe.sbt.packager.universal.UniversalPlugin) not found List(play.sbt.PlayScala, Common, io.gatling.sbt.GatlingPlugin, sbt.plugins.JvmPlugin, play.sbt.Play, com.typesafe.sbt.packager.archetypes.JavaServerAppPackaging, play.twirl.sbt.SbtTwirl, org.scalafmt.sbt.ScalaFmtPlugin, play.sbt.PlayNettyServer, sbt.plugins.JUnitXmlReportPlugin, play.sbt.PlayLayoutPlugin, play.sbt.routes.RoutesCompiler, play.sbt.PlayLogback, com.typesafe.sbt.jse.SbtJsTask, sbt.plugins.BackgroundRunPlugin, play.sbt.forkrun.PlayForkRun, com.typesafe.sbt.jse.SbtJsEngine, com.typesafe.sbt.packager.archetypes.JavaAppPackaging, com.typesafe.sbt.packager.rpm.RpmPlugin, com.typesafe.sbt.packager.windows.WindowsPlugin, com.typesafe.sbt.web.SbtWeb, com.typesafe.sbt.packager.docker.DockerPlugin, com.typesafe.sbt.packager.debian.DebianPlugin, com.typesafe.sbt.packager.linux.LinuxPlugin)
  :: sorting:: found: List(sbt.plugins.CorePlugin, com.typesafe.sbt.SbtNativePackager, sbt.plugins.InteractionServicePlugin, sbt.plugins.SendEventServicePlugin, sbt.plugins.SerializersPlugin, sbt.plugins.IvyPlugin, com.typesafe.sbt.packager.universal.UniversalPlugin, sbt.plugins.JvmPlugin, com.typesafe.sbt.packager.windows.WindowsPlugin, com.typesafe.sbt.packager.docker.DockerPlugin, com.typesafe.sbt.packager.linux.LinuxPlugin) not found List(play.sbt.PlayScala, Common, io.gatling.sbt.GatlingPlugin, play.sbt.Play, com.typesafe.sbt.packager.archetypes.JavaServerAppPackaging, play.twirl.sbt.SbtTwirl, org.scalafmt.sbt.ScalaFmtPlugin, play.sbt.PlayNettyServer, sbt.plugins.JUnitXmlReportPlugin, play.sbt.PlayLayoutPlugin, play.sbt.routes.RoutesCompiler, play.sbt.PlayLogback, com.typesafe.sbt.jse.SbtJsTask, sbt.plugins.BackgroundRunPlugin, play.sbt.forkrun.PlayForkRun, com.typesafe.sbt.jse.SbtJsEngine, com.typesafe.sbt.packager.archetypes.JavaAppPackaging, com.typesafe.sbt.packager.rpm.RpmPlugin, com.typesafe.sbt.web.SbtWeb, com.typesafe.sbt.packager.debian.DebianPlugin)
  :: sorting:: found: List(sbt.plugins.CorePlugin, com.typesafe.sbt.SbtNativePackager, sbt.plugins.InteractionServicePlugin, sbt.plugins.SendEventServicePlugin, sbt.plugins.SerializersPlugin, sbt.plugins.IvyPlugin, com.typesafe.sbt.packager.universal.UniversalPlugin, sbt.plugins.JvmPlugin, com.typesafe.sbt.packager.windows.WindowsPlugin, com.typesafe.sbt.packager.docker.DockerPlugin, com.typesafe.sbt.packager.linux.LinuxPlugin, Common, io.gatling.sbt.GatlingPlugin, play.twirl.sbt.SbtTwirl, org.scalafmt.sbt.ScalaFmtPlugin, sbt.plugins.JUnitXmlReportPlugin, play.sbt.routes.RoutesCompiler, sbt.plugins.BackgroundRunPlugin, com.typesafe.sbt.packager.rpm.RpmPlugin, com.typesafe.sbt.web.SbtWeb, com.typesafe.sbt.packager.debian.DebianPlugin) not found List(play.sbt.PlayScala, play.sbt.Play, com.typesafe.sbt.packager.archetypes.JavaServerAppPackaging, play.sbt.PlayNettyServer, play.sbt.PlayLayoutPlugin, play.sbt.PlayLogback, com.typesafe.sbt.jse.SbtJsTask, play.sbt.forkrun.PlayForkRun, com.typesafe.sbt.jse.SbtJsEngine, com.typesafe.sbt.packager.archetypes.JavaAppPackaging)
  :: sorting:: found: List(sbt.plugins.CorePlugin, com.typesafe.sbt.SbtNativePackager, sbt.plugins.InteractionServicePlugin, sbt.plugins.SendEventServicePlugin, sbt.plugins.SerializersPlugin, sbt.plugins.IvyPlugin, com.typesafe.sbt.packager.universal.UniversalPlugin, sbt.plugins.JvmPlugin, com.typesafe.sbt.packager.windows.WindowsPlugin, com.typesafe.sbt.packager.docker.DockerPlugin, com.typesafe.sbt.packager.linux.LinuxPlugin, Common, io.gatling.sbt.GatlingPlugin, play.twirl.sbt.SbtTwirl, org.scalafmt.sbt.ScalaFmtPlugin, sbt.plugins.JUnitXmlReportPlugin, play.sbt.routes.RoutesCompiler, sbt.plugins.BackgroundRunPlugin, com.typesafe.sbt.packager.rpm.RpmPlugin, com.typesafe.sbt.web.SbtWeb, com.typesafe.sbt.packager.debian.DebianPlugin, com.typesafe.sbt.jse.SbtJsEngine, com.typesafe.sbt.packager.archetypes.JavaAppPackaging) not found List(play.sbt.PlayScala, play.sbt.Play, com.typesafe.sbt.packager.archetypes.JavaServerAppPackaging, play.sbt.PlayNettyServer, play.sbt.PlayLayoutPlugin, play.sbt.PlayLogback, com.typesafe.sbt.jse.SbtJsTask, play.sbt.forkrun.PlayForkRun)
  :: sorting:: found: List(sbt.plugins.CorePlugin, com.typesafe.sbt.SbtNativePackager, sbt.plugins.InteractionServicePlugin, sbt.plugins.SendEventServicePlugin, sbt.plugins.SerializersPlugin, sbt.plugins.IvyPlugin, com.typesafe.sbt.packager.universal.UniversalPlugin, sbt.plugins.JvmPlugin, com.typesafe.sbt.packager.windows.WindowsPlugin, com.typesafe.sbt.packager.docker.DockerPlugin, com.typesafe.sbt.packager.linux.LinuxPlugin, Common, io.gatling.sbt.GatlingPlugin, play.twirl.sbt.SbtTwirl, org.scalafmt.sbt.ScalaFmtPlugin, sbt.plugins.JUnitXmlReportPlugin, play.sbt.routes.RoutesCompiler, sbt.plugins.BackgroundRunPlugin, com.typesafe.sbt.packager.rpm.RpmPlugin, com.typesafe.sbt.web.SbtWeb, com.typesafe.sbt.packager.debian.DebianPlugin, com.typesafe.sbt.jse.SbtJsEngine, com.typesafe.sbt.packager.archetypes.JavaAppPackaging, com.typesafe.sbt.packager.archetypes.JavaServerAppPackaging, com.typesafe.sbt.jse.SbtJsTask) not found List(play.sbt.PlayScala, play.sbt.Play, play.sbt.PlayNettyServer, play.sbt.PlayLayoutPlugin, play.sbt.PlayLogback, play.sbt.forkrun.PlayForkRun)
  :: sorting:: found: List(sbt.plugins.CorePlugin, com.typesafe.sbt.SbtNativePackager, sbt.plugins.InteractionServicePlugin, sbt.plugins.SendEventServicePlugin, sbt.plugins.SerializersPlugin, sbt.plugins.IvyPlugin, com.typesafe.sbt.packager.universal.UniversalPlugin, sbt.plugins.JvmPlugin, com.typesafe.sbt.packager.windows.WindowsPlugin, com.typesafe.sbt.packager.docker.DockerPlugin, com.typesafe.sbt.packager.linux.LinuxPlugin, Common, io.gatling.sbt.GatlingPlugin, play.twirl.sbt.SbtTwirl, org.scalafmt.sbt.ScalaFmtPlugin, sbt.plugins.JUnitXmlReportPlugin, play.sbt.routes.RoutesCompiler, sbt.plugins.BackgroundRunPlugin, com.typesafe.sbt.packager.rpm.RpmPlugin, com.typesafe.sbt.web.SbtWeb, com.typesafe.sbt.packager.debian.DebianPlugin, com.typesafe.sbt.jse.SbtJsEngine, com.typesafe.sbt.packager.archetypes.JavaAppPackaging, com.typesafe.sbt.packager.archetypes.JavaServerAppPackaging, com.typesafe.sbt.jse.SbtJsTask, play.sbt.Play) not found List(play.sbt.PlayScala, play.sbt.PlayNettyServer, play.sbt.PlayLayoutPlugin, play.sbt.PlayLogback, play.sbt.forkrun.PlayForkRun)
  :: sorting:: found: List(sbt.plugins.CorePlugin, com.typesafe.sbt.SbtNativePackager, sbt.plugins.InteractionServicePlugin, sbt.plugins.SendEventServicePlugin, sbt.plugins.SerializersPlugin, sbt.plugins.IvyPlugin, com.typesafe.sbt.packager.universal.UniversalPlugin, sbt.plugins.JvmPlugin, com.typesafe.sbt.packager.windows.WindowsPlugin, com.typesafe.sbt.packager.docker.DockerPlugin, com.typesafe.sbt.packager.linux.LinuxPlugin, Common, io.gatling.sbt.GatlingPlugin, play.twirl.sbt.SbtTwirl, org.scalafmt.sbt.ScalaFmtPlugin, sbt.plugins.JUnitXmlReportPlugin, play.sbt.routes.RoutesCompiler, sbt.plugins.BackgroundRunPlugin, com.typesafe.sbt.packager.rpm.RpmPlugin, com.typesafe.sbt.web.SbtWeb, com.typesafe.sbt.packager.debian.DebianPlugin, com.typesafe.sbt.jse.SbtJsEngine, com.typesafe.sbt.packager.archetypes.JavaAppPackaging, com.typesafe.sbt.packager.archetypes.JavaServerAppPackaging, com.typesafe.sbt.jse.SbtJsTask, play.sbt.Play, play.sbt.PlayScala, play.sbt.PlayNettyServer, play.sbt.PlayLayoutPlugin, play.sbt.PlayLogback, play.sbt.forkrun.PlayForkRun) not found List()
  :: sorted deduced result: List(sbt.plugins.CorePlugin, com.typesafe.sbt.SbtNativePackager, sbt.plugins.InteractionServicePlugin, sbt.plugins.SendEventServicePlugin, sbt.plugins.SerializersPlugin, sbt.plugins.IvyPlugin, com.typesafe.sbt.packager.universal.UniversalPlugin, sbt.plugins.JvmPlugin, com.typesafe.sbt.packager.windows.WindowsPlugin, com.typesafe.sbt.packager.docker.DockerPlugin, com.typesafe.sbt.packager.linux.LinuxPlugin, Common, io.gatling.sbt.GatlingPlugin, play.twirl.sbt.SbtTwirl, org.scalafmt.sbt.ScalaFmtPlugin, sbt.plugins.JUnitXmlReportPlugin, play.sbt.routes.RoutesCompiler, sbt.plugins.BackgroundRunPlugin, com.typesafe.sbt.packager.rpm.RpmPlugin, com.typesafe.sbt.web.SbtWeb, com.typesafe.sbt.packager.debian.DebianPlugin, com.typesafe.sbt.jse.SbtJsEngine, com.typesafe.sbt.packager.archetypes.JavaAppPackaging, com.typesafe.sbt.packager.archetypes.JavaServerAppPackaging, com.typesafe.sbt.jse.SbtJsTask, play.sbt.Play, play.sbt.PlayScala, play.sbt.PlayNettyServer, play.sbt.PlayLayoutPlugin, play.sbt.PlayLogback, play.sbt.forkrun.PlayForkRun)
[Loading] Loading project docs @ H:\isaacKhaguli\play-rest-api\docs
deducing auto plugins based on known facts Set(Atom(com.lightbend.paradox.sbt.ParadoxPlugin), Atom(sbt.plugins.CorePlugin)) and clauses Clauses(List(Clause(Atom(sbt.plugins.JvmPlugin),Set(Atom(sbt.plugins.IvyPlugin))), Clause(Atom(sbt.plugins.JUnitXmlReportPlugin),Set(Atom(sbt.plugins.JvmPlugin))), Clause(Atom(play.sbt.forkrun.PlayForkRun),Set(Atom(sbt.plugins.BackgroundRunPlugin))), Clause(Atom(play.sbt.forkrun.PlayForkRun),Set(Atom(play.sbt.Play))), Clause(Atom(play.sbt.forkrun.PlayForkRun),Set(Atom(sbt.plugins.SerializersPlugin))), Clause(Atom(play.sbt.Play),Set(Atom(com.typesafe.sbt.packager.archetypes.JavaServerAppPackaging))), Clause(Atom(play.sbt.Play),Set(Atom(play.sbt.routes.RoutesCompiler))), Clause(Atom(play.sbt.Play),Set(Atom(play.twirl.sbt.SbtTwirl))), Clause(Atom(play.sbt.Play),Set(Atom(com.typesafe.sbt.jse.SbtJsTask))), Clause(Atom(play.sbt.PlayAkkaHttpServer),Set(Atom(play.sbt.Play))), Clause(Atom(play.sbt.PlayJava),Set(Atom(play.sbt.Play))), Clause(Atom(play.sbt.PlayLayoutPlugin),Set(Atom(play.sbt.Play))), Clause(Atom(play.sbt.PlayLogback),Set(Atom(play.sbt.Play))), Clause(Atom(play.sbt.PlayNettyServer),Set(Atom(play.sbt.Play))), Clause(Atom(play.sbt.PlayScala),Set(Atom(play.sbt.Play))), Clause(Atom(play.sbt.routes.RoutesCompiler),Set(Atom(sbt.plugins.JvmPlugin))), Clause(Atom(play.twirl.sbt.SbtTwirl),Set(Atom(sbt.plugins.JvmPlugin))), Clause(Atom(com.typesafe.sbt.packager.archetypes.AkkaAppPackaging),Set(Atom(com.typesafe.sbt.packager.archetypes.JavaAppPackaging))), Clause(Atom(com.typesafe.sbt.packager.archetypes.JavaAppPackaging),Set(Atom(com.typesafe.sbt.packager.windows.WindowsPlugin))), Clause(Atom(com.typesafe.sbt.packager.archetypes.JavaAppPackaging),Set(Atom(com.typesafe.sbt.packager.docker.DockerPlugin))), Clause(Atom(com.typesafe.sbt.packager.archetypes.JavaAppPackaging),Set(Atom(com.typesafe.sbt.packager.debian.DebianPlugin))), Clause(Atom(com.typesafe.sbt.packager.archetypes.JavaAppPackaging),Set(Atom(com.typesafe.sbt.packager.rpm.RpmPlugin))), Clause(Atom(com.typesafe.sbt.packager.archetypes.JavaServerAppPackaging),Set(Atom(com.typesafe.sbt.packager.archetypes.JavaAppPackaging))), Clause(Atom(com.typesafe.sbt.packager.archetypes.jar.ClasspathJarPlugin),Set(Atom(com.typesafe.sbt.packager.archetypes.JavaAppPackaging))), Clause(Atom(com.typesafe.sbt.packager.archetypes.jar.LauncherJarPlugin),Set(Atom(com.typesafe.sbt.packager.archetypes.JavaAppPackaging))), Clause(Atom(com.typesafe.sbt.packager.debian.DebianDeployPlugin),Set(Atom(com.typesafe.sbt.packager.debian.DebianPlugin))), Clause(Atom(com.typesafe.sbt.packager.debian.DebianPlugin),Set(Atom(com.typesafe.sbt.packager.linux.LinuxPlugin))), Clause(Atom(com.typesafe.sbt.packager.debian.JDebPackaging),Set(Atom(com.typesafe.sbt.packager.debian.DebianPlugin))), Clause(Atom(com.typesafe.sbt.packager.docker.DockerPlugin),Set(Atom(com.typesafe.sbt.packager.universal.UniversalPlugin))), Clause(Atom(com.typesafe.sbt.packager.jdkpackager.JDKPackagerDeployPlugin),Set(Atom(com.typesafe.sbt.packager.jdkpackager.JDKPackagerPlugin))), Clause(Atom(com.typesafe.sbt.packager.jdkpackager.JDKPackagerPlugin),Set(Atom(com.typesafe.sbt.packager.archetypes.JavaAppPackaging))), Clause(Atom(com.typesafe.sbt.packager.jdkpackager.JDKPackagerPlugin),Set(Atom(com.typesafe.sbt.packager.archetypes.jar.LauncherJarPlugin))), Clause(Atom(com.typesafe.sbt.packager.linux.LinuxPlugin),Set(Atom(com.typesafe.sbt.packager.universal.UniversalPlugin))), Clause(Atom(com.typesafe.sbt.packager.rpm.RpmDeployPlugin),Set(Atom(com.typesafe.sbt.packager.rpm.RpmPlugin))), Clause(Atom(com.typesafe.sbt.packager.rpm.RpmPlugin),Set(Atom(com.typesafe.sbt.packager.linux.LinuxPlugin))), Clause(Atom(com.typesafe.sbt.packager.universal.UniversalDeployPlugin),Set(Atom(com.typesafe.sbt.packager.universal.UniversalPlugin))), Clause(Atom(com.typesafe.sbt.packager.universal.UniversalPlugin),Set(Atom(com.typesafe.sbt.SbtNativePackager))), Clause(Atom(com.typesafe.sbt.packager.windows.WindowsDeployPlugin),Set(Atom(com.typesafe.sbt.packager.windows.WindowsPlugin))), Clause(Atom(com.typesafe.sbt.packager.windows.WindowsPlugin),Set(Atom(com.typesafe.sbt.packager.universal.UniversalPlugin))), Clause(Atom(com.typesafe.sbt.web.SbtWeb),Set(Atom(sbt.plugins.JvmPlugin))), Clause(Atom(com.typesafe.sbt.jse.SbtJsEngine),Set(Atom(com.typesafe.sbt.web.SbtWeb))), Clause(Atom(com.typesafe.sbt.jse.SbtJsTask),Set(Atom(com.typesafe.sbt.jse.SbtJsEngine))), Clause(Atom(sbt.plugins.BackgroundRunPlugin),Set(Atom(sbt.plugins.JvmPlugin))), Clause(Atom(com.lightbend.paradox.sbt.ParadoxPlugin),Set(Atom(com.typesafe.sbt.web.SbtWeb))), Clause(Atom(io.gatling.sbt.GatlingPlugin),Set(Atom(sbt.plugins.JvmPlugin))), Clause(Atom(org.scalafmt.sbt.ScalaFmtPlugin),Set(Atom(sbt.plugins.JvmPlugin))), Clause(Atom(Common),Set(Atom(sbt.plugins.JvmPlugin))), Clause(Atom(sbt.plugins.CorePlugin),Set(Atom(sbt.plugins.IvyPlugin))), Clause(Atom(sbt.plugins.IvyPlugin),Set(Atom(sbt.plugins.JvmPlugin))), Clause(Atom(sbt.plugins.JvmPlugin),Set(Atom(sbt.plugins.JUnitXmlReportPlugin))), Clause(And(Set(Atom(sbt.plugins.BackgroundRunPlugin), Atom(play.sbt.Play), Atom(sbt.plugins.SerializersPlugin))),Set(Atom(play.sbt.forkrun.PlayForkRun))), Clause(Atom(play.sbt.Play),Set(Atom(play.sbt.PlayLayoutPlugin))), Clause(Atom(play.sbt.Play),Set(Atom(play.sbt.PlayLogback))), Clause(Atom(play.sbt.Play),Set(Atom(play.sbt.PlayNettyServer))), Clause(Atom(com.typesafe.sbt.web.SbtWeb),Set(Atom(com.typesafe.sbt.jse.SbtJsEngine))), Clause(Atom(com.typesafe.sbt.jse.SbtJsEngine),Set(Atom(com.typesafe.sbt.jse.SbtJsTask))), Clause(Atom(sbt.plugins.JvmPlugin),Set(Atom(sbt.plugins.BackgroundRunPlugin))), Clause(Atom(sbt.plugins.CorePlugin),Set(Atom(sbt.plugins.InteractionServicePlugin))), Clause(Atom(sbt.plugins.CorePlugin),Set(Atom(sbt.plugins.SendEventServicePlugin))), Clause(Atom(sbt.plugins.CorePlugin),Set(Atom(sbt.plugins.SerializersPlugin))), Clause(Atom(sbt.plugins.JvmPlugin),Set(Atom(org.scalafmt.sbt.ScalaFmtPlugin))), Clause(Atom(sbt.plugins.JvmPlugin),Set(Atom(Common)))))
  :: deduced result: Matched(sbt.plugins.CorePlugin,com.lightbend.paradox.sbt.ParadoxPlugin,sbt.plugins.InteractionServicePlugin,sbt.plugins.SendEventServicePlugin,com.typesafe.sbt.web.SbtWeb,sbt.plugins.SerializersPlugin,sbt.plugins.IvyPlugin,com.typesafe.sbt.jse.SbtJsEngine,sbt.plugins.JvmPlugin,org.scalafmt.sbt.ScalaFmtPlugin,sbt.plugins.JUnitXmlReportPlugin,com.typesafe.sbt.jse.SbtJsTask,Common,sbt.plugins.BackgroundRunPlugin)
sorting: ns: List(sbt.plugins.CorePlugin, com.lightbend.paradox.sbt.ParadoxPlugin, sbt.plugins.InteractionServicePlugin, sbt.plugins.SendEventServicePlugin, com.typesafe.sbt.web.SbtWeb, sbt.plugins.SerializersPlugin, sbt.plugins.IvyPlugin, com.typesafe.sbt.jse.SbtJsEngine, sbt.plugins.JvmPlugin, org.scalafmt.sbt.ScalaFmtPlugin, sbt.plugins.JUnitXmlReportPlugin, com.typesafe.sbt.jse.SbtJsTask, Common, sbt.plugins.BackgroundRunPlugin)
  :: sorting:: found: List(sbt.plugins.CorePlugin) not found List(com.lightbend.paradox.sbt.ParadoxPlugin, sbt.plugins.InteractionServicePlugin, sbt.plugins.SendEventServicePlugin, com.typesafe.sbt.web.SbtWeb, sbt.plugins.SerializersPlugin, sbt.plugins.IvyPlugin, com.typesafe.sbt.jse.SbtJsEngine, sbt.plugins.JvmPlugin, org.scalafmt.sbt.ScalaFmtPlugin, sbt.plugins.JUnitXmlReportPlugin, com.typesafe.sbt.jse.SbtJsTask, Common, sbt.plugins.BackgroundRunPlugin)
  :: sorting:: found: List(sbt.plugins.CorePlugin, sbt.plugins.InteractionServicePlugin, sbt.plugins.SendEventServicePlugin, sbt.plugins.SerializersPlugin, sbt.plugins.IvyPlugin) not found List(com.lightbend.paradox.sbt.ParadoxPlugin, com.typesafe.sbt.web.SbtWeb, com.typesafe.sbt.jse.SbtJsEngine, sbt.plugins.JvmPlugin, org.scalafmt.sbt.ScalaFmtPlugin, sbt.plugins.JUnitXmlReportPlugin, com.typesafe.sbt.jse.SbtJsTask, Common, sbt.plugins.BackgroundRunPlugin)
  :: sorting:: found: List(sbt.plugins.CorePlugin, sbt.plugins.InteractionServicePlugin, sbt.plugins.SendEventServicePlugin, sbt.plugins.SerializersPlugin, sbt.plugins.IvyPlugin, sbt.plugins.JvmPlugin) not found List(com.lightbend.paradox.sbt.ParadoxPlugin, com.typesafe.sbt.web.SbtWeb, com.typesafe.sbt.jse.SbtJsEngine, org.scalafmt.sbt.ScalaFmtPlugin, sbt.plugins.JUnitXmlReportPlugin, com.typesafe.sbt.jse.SbtJsTask, Common, sbt.plugins.BackgroundRunPlugin)
  :: sorting:: found: List(sbt.plugins.CorePlugin, sbt.plugins.InteractionServicePlugin, sbt.plugins.SendEventServicePlugin, sbt.plugins.SerializersPlugin, sbt.plugins.IvyPlugin, sbt.plugins.JvmPlugin, com.typesafe.sbt.web.SbtWeb, org.scalafmt.sbt.ScalaFmtPlugin, sbt.plugins.JUnitXmlReportPlugin, Common, sbt.plugins.BackgroundRunPlugin) not found List(com.lightbend.paradox.sbt.ParadoxPlugin, com.typesafe.sbt.jse.SbtJsEngine, com.typesafe.sbt.jse.SbtJsTask)
  :: sorting:: found: List(sbt.plugins.CorePlugin, sbt.plugins.InteractionServicePlugin, sbt.plugins.SendEventServicePlugin, sbt.plugins.SerializersPlugin, sbt.plugins.IvyPlugin, sbt.plugins.JvmPlugin, com.typesafe.sbt.web.SbtWeb, org.scalafmt.sbt.ScalaFmtPlugin, sbt.plugins.JUnitXmlReportPlugin, Common, sbt.plugins.BackgroundRunPlugin, com.lightbend.paradox.sbt.ParadoxPlugin, com.typesafe.sbt.jse.SbtJsEngine) not found List(com.typesafe.sbt.jse.SbtJsTask)
  :: sorting:: found: List(sbt.plugins.CorePlugin, sbt.plugins.InteractionServicePlugin, sbt.plugins.SendEventServicePlugin, sbt.plugins.SerializersPlugin, sbt.plugins.IvyPlugin, sbt.plugins.JvmPlugin, com.typesafe.sbt.web.SbtWeb, org.scalafmt.sbt.ScalaFmtPlugin, sbt.plugins.JUnitXmlReportPlugin, Common, sbt.plugins.BackgroundRunPlugin, com.lightbend.paradox.sbt.ParadoxPlugin, com.typesafe.sbt.jse.SbtJsEngine, com.typesafe.sbt.jse.SbtJsTask) not found List()
  :: sorted deduced result: List(sbt.plugins.CorePlugin, sbt.plugins.InteractionServicePlugin, sbt.plugins.SendEventServicePlugin, sbt.plugins.SerializersPlugin, sbt.plugins.IvyPlugin, sbt.plugins.JvmPlugin, com.typesafe.sbt.web.SbtWeb, org.scalafmt.sbt.ScalaFmtPlugin, sbt.plugins.JUnitXmlReportPlugin, Common, sbt.plugins.BackgroundRunPlugin, com.lightbend.paradox.sbt.ParadoxPlugin, com.typesafe.sbt.jse.SbtJsEngine, com.typesafe.sbt.jse.SbtJsTask)
[Loading] Done in H:\isaacKhaguli\play-rest-api, returning: (root, docs)
Set current project to tala-bankaccount-rest-api (in build file:/H:/isaacKhaguli/play-rest-api/)
Reapplying settings...
Set current project to tala-bankaccount-rest-api (in build file:/H:/isaacKhaguli/play-rest-api/)
> iflast shell
> server-send-ready-for-request
> server-handle-next-server-request
> {file:/H:/isaacKhaguli/play-rest-api/}root/compile:discoveredMainClasses
Evaluating tasks: root/compile:discoveredMainClasses
Running task... Cancel: sbt.server.ServerTaskCancellation@311b20, check cycles: false
Read from stdout: Multiple resolvers having different access mechanism configured with same name 'typesafe-releases'. To avoid conflict, Remove duplicate project resolvers (`resolvers`) or rename publishing resolver (`publishTo`).
Multiple resolvers having different access mechanism configured with same name 'typesafe-releases'. To avoid conflict, Remove duplicate project resolvers (`resolvers`) or rename publishing resolver (`publishTo`).

Initial source changes: 
	removed:Set()
	added: Set()
	modified: Set(H:\isaacKhaguli\play-rest-api\app\test\ApplicationTest.scala)
Removed products: Set()
External API changes: API Changes: Set()
Modified binary dependencies: Set()
Initial directly invalidated sources: Set(H:\isaacKhaguli\play-rest-api\app\test\ApplicationTest.scala)

Sources indirectly invalidated by:
	product: Set()
	binary dep: Set()
	external source: Set()
All initially invalidated sources: Set(H:\isaacKhaguli\play-rest-api\app\test\ApplicationTest.scala)

Read from stdout: Compiling 1 Scala source to H:\isaacKhaguli\play-rest-api\target\scala-2.11\classes...
Compiling 1 Scala source to H:\isaacKhaguli\play-rest-api\target\scala-2.11\classes...
Getting compiler-interface from component compiler for Scala 2.11.8
Other repositories:
Default repositories:
Getting compiler-interface from component compiler for Scala 2.11.8
Other repositories:
Default repositories:
Running cached compiler a640f2, interfacing (CompilerInterface) with Scala compiler version 2.11.8
Calling Scala compiler with arguments  (CompilerInterface):
	-encoding
	UTF-8
	-target:jvm-1.8
	-deprecation
	-feature
	-unchecked
	-Xlint
	-Yno-adapted-args
	-Ywarn-numeric-widen
	-Xfatal-warnings
	-deprecation
	-unchecked
	-encoding
	utf8
	-bootclasspath
	C:\Java\jdk1.8.0_112\jre\lib\resources.jar;C:\Java\jdk1.8.0_112\jre\lib\rt.jar;C:\Java\jdk1.8.0_112\jre\lib\sunrsasign.jar;C:\Java\jdk1.8.0_112\jre\lib\jsse.jar;C:\Java\jdk1.8.0_112\jre\lib\jce.jar;C:\Java\jdk1.8.0_112\jre\lib\charsets.jar;C:\Java\jdk1.8.0_112\jre\lib\jfr.jar;C:\Java\jdk1.8.0_112\jre\classes;C:\Users\isaac khaguli\.ivy2\cache\org.scala-lang\scala-library\jars\scala-library-2.11.8.jar
	-classpath
	H:\isaacKhaguli\play-rest-api\target\scala-2.11\classes;H:\activator-dist-1.3.12\repository\com.typesafe.play\twirl-api_2.11\1.1.1\jars\twirl-api_2.11.jar;H:\activator-dist-1.3.12\repository\org.apache.commons\commons-lang3\3.4\jars\commons-lang3.jar;C:\Users\isaac khaguli\.ivy2\cache\org.scala-lang.modules\scala-xml_2.11\bundles\scala-xml_2.11-1.0.1.jar;C:\Users\isaac khaguli\.ivy2\cache\com.typesafe.play\play-server_2.11\jars\play-server_2.11-2.5.10.jar;C:\Users\isaac khaguli\.ivy2\cache\com.typesafe.play\play_2.11\jars\play_2.11-2.5.10.jar;C:\Users\isaac khaguli\.ivy2\cache\com.typesafe.play\build-link\jars\build-link-2.5.10.jar;C:\Users\isaac khaguli\.ivy2\cache\com.typesafe.play\play-exceptions\jars\play-exceptions-2.5.10.jar;C:\Users\isaac khaguli\.ivy2\cache\com.typesafe.play\play-iteratees_2.11\jars\play-iteratees_2.11-2.5.10.jar;C:\Users\isaac khaguli\.ivy2\cache\org.scala-stm\scala-stm_2.11\jars\scala-stm_2.11-0.7.jar;H:\activator-dist-1.3.12\repository\com.typesafe\config\1.3.0\bundles\config.jar;C:\Users\isaac khaguli\.ivy2\cache\com.typesafe.play\play-json_2.11\jars\play-json_2.11-2.5.10.jar;C:\Users\isaac khaguli\.ivy2\cache\com.typesafe.play\play-functional_2.11\jars\play-functional_2.11-2.5.10.jar;C:\Users\isaac khaguli\.ivy2\cache\com.typesafe.play\play-datacommons_2.11\jars\play-datacommons_2.11-2.5.10.jar;C:\Users\isaac khaguli\.ivy2\cache\joda-time\joda-time\jars\joda-time-2.9.6.jar;H:\activator-dist-1.3.12\repository\org.joda\joda-convert\1.8.1\jars\joda-convert.jar;H:\activator-dist-1.3.12\repository\org.scala-lang\scala-reflect\2.11.7\jars\scala-reflect.jar;C:\Users\isaac khaguli\.ivy2\cache\com.fasterxml.jackson.core\jackson-core\bundles\jackson-core-2.7.8.jar;C:\Users\isaac khaguli\.ivy2\cache\com.fasterxml.jackson.core\jackson-annotations\bundles\jackson-annotations-2.7.8.jar;C:\Users\isaac khaguli\.ivy2\cache\com.fasterxml.jackson.core\jackson-databind\bundles\jackson-databind-2.7.8.jar;C:\Users\isaac khaguli\.ivy2\cache\com.fasterxml.jackson.datatype\jackson-datatype-jdk8\bundles\jackson-datatype-jdk8-2.7.8.jar;C:\Users\isaac khaguli\.ivy2\cache\com.fasterxml.jackson.datatype\jackson-datatype-jsr310\bundles\jackson-datatype-jsr310-2.7.8.jar;C:\Users\isaac khaguli\.ivy2\cache\com.typesafe.play\play-netty-utils\jars\play-netty-utils-2.5.10.jar;H:\activator-dist-1.3.12\repository\org.slf4j\slf4j-api\1.7.21\jars\slf4j-api.jar;H:\activator-dist-1.3.12\repository\org.slf4j\jul-to-slf4j\1.7.21\jars\jul-to-slf4j.jar;H:\activator-dist-1.3.12\repository\org.slf4j\jcl-over-slf4j\1.7.21\jars\jcl-over-slf4j.jar;C:\Users\isaac khaguli\.ivy2\cache\com.typesafe.play\play-streams_2.11\jars\play-streams_2.11-2.5.10.jar;H:\activator-dist-1.3.12\repository\org.reactivestreams\reactive-streams\1.0.0\jars\reactive-streams.jar;C:\Users\isaac khaguli\.ivy2\cache\com.typesafe.akka\akka-stream_2.11\jars\akka-stream_2.11-2.4.12.jar;C:\Users\isaac khaguli\.ivy2\cache\com.typesafe.akka\akka-actor_2.11\jars\akka-actor_2.11-2.4.12.jar;H:\activator-dist-1.3.12\repository\org.scala-lang.modules\scala-java8-compat_2.11\0.7.0\bundles\scala-java8-compat_2.11.jar;H:\activator-dist-1.3.12\repository\com.typesafe\ssl-config-core_2.11\0.2.1\bundles\ssl-config-core_2.11.jar;C:\Users\isaac khaguli\.ivy2\cache\org.scala-lang.modules\scala-parser-combinators_2.11\bundles\scala-parser-combinators_2.11-1.0.4.jar;C:\Users\isaac khaguli\.ivy2\cache\com.typesafe.akka\akka-slf4j_2.11\jars\akka-slf4j_2.11-2.4.12.jar;H:\activator-dist-1.3.12\repository\commons-codec\commons-codec\1.10\jars\commons-codec.jar;C:\Users\isaac khaguli\.ivy2\cache\xerces\xercesImpl\jars\xercesImpl-2.11.0.jar;C:\Users\isaac khaguli\.ivy2\cache\xml-apis\xml-apis\jars\xml-apis-1.4.01.jar;C:\Users\isaac khaguli\.ivy2\cache\javax.transaction\jta\jars\jta-1.1.jar;H:\activator-dist-1.3.12\repository\javax.inject\javax.inject\1\jars\javax.inject.jar;H:\activator-dist-1.3.12\repository\aopalliance\aopalliance\1.0\jars\aopalliance.jar;H:\activator-dist-1.3.12\repository\com.google.inject.extensions\guice-assistedinject\4.0\jars\guice-assistedinject.jar;C:\Users\isaac khaguli\.ivy2\cache\com.typesafe.play\play-netty-server_2.11\jars\play-netty-server_2.11-2.5.10.jar;H:\activator-dist-1.3.12\repository\com.typesafe.netty\netty-reactive-streams-http\1.0.8\jars\netty-reactive-streams-http.jar;H:\activator-dist-1.3.12\repository\com.typesafe.netty\netty-reactive-streams\1.0.8\jars\netty-reactive-streams.jar;H:\activator-dist-1.3.12\repository\io.netty\netty-handler\4.0.41.Final\jars\netty-handler.jar;H:\activator-dist-1.3.12\repository\io.netty\netty-buffer\4.0.41.Final\jars\netty-buffer.jar;H:\activator-dist-1.3.12\repository\io.netty\netty-common\4.0.41.Final\jars\netty-common.jar;H:\activator-dist-1.3.12\repository\io.netty\netty-transport\4.0.41.Final\jars\netty-transport.jar;H:\activator-dist-1.3.12\repository\io.netty\netty-codec\4.0.41.Final\jars\netty-codec.jar;H:\activator-dist-1.3.12\repository\io.netty\netty-codec-http\4.0.41.Final\jars\netty-codec-http.jar;H:\activator-dist-1.3.12\repository\io.netty\netty-transport-native-epoll\4.0.41.Final\jars\netty-transport-native-epoll-linux-x86_64.jar;C:\Users\isaac khaguli\.ivy2\cache\com.typesafe.play\play-logback_2.11\jars\play-logback_2.11-2.5.10.jar;H:\activator-dist-1.3.12\repository\ch.qos.logback\logback-classic\1.1.7\jars\logback-classic.jar;H:\activator-dist-1.3.12\repository\ch.qos.logback\logback-core\1.1.7\jars\logback-core.jar;C:\Users\isaac khaguli\.ivy2\cache\com.netaporter\scala-uri_2.11\jars\scala-uri_2.11-0.4.14.jar;C:\Users\isaac khaguli\.ivy2\cache\org.parboiled\parboiled_2.11\jars\parboiled_2.11-2.1.0.jar;C:\Users\isaac khaguli\.ivy2\cache\com.chuusai\shapeless_2.11\bundles\shapeless_2.11-2.1.0.jar;C:\Users\isaac khaguli\.ivy2\cache\io.spray\spray-json_2.11\bundles\spray-json_2.11-1.3.2.jar;C:\Users\isaac khaguli\.ivy2\cache\net.codingwell\scala-guice_2.11\jars\scala-guice_2.11-4.1.0.jar;C:\Users\isaac khaguli\.ivy2\cache\com.google.inject\guice\jars\guice-4.1.0.jar;H:\activator-dist-1.3.12\repository\com.google.guava\guava\19.0\bundles\guava.jar;C:\Users\isaac khaguli\.ivy2\cache\com.google.inject.extensions\guice-multibindings\jars\guice-multibindings-4.1.0.jar;H:\activator-dist-1.3.12\repository\com.google.code.findbugs\jsr305\3.0.1\jars\jsr305.jar
Read from stdout: H:\isaacKhaguli\play-rest-api\app\test\ApplicationTest.scala:18: object scalatest is not a member of package org
H:\isaacKhaguli\play-rest-api\app\test\ApplicationTest.scala:18: object scalatest is not a member of package org
Read from stdout: import org.scalatest._
import org.scalatest._
Read from stdout: ^
           ^
Read from stdout: H:\isaacKhaguli\play-rest-api\app\test\ApplicationTest.scala:20: not found: type FlatSpec
H:\isaacKhaguli\play-rest-api\app\test\ApplicationTest.scala:20: not found: type FlatSpec
Read from stdout: class ApplicationTest extends FlatSpec with Matchers {
class ApplicationTest extends FlatSpec with Matchers {
Read from stdout: ^
                              ^
Read from stdout: H:\isaacKhaguli\play-rest-api\app\test\ApplicationTest.scala:20: not found: type Matchers
H:\isaacKhaguli\play-rest-api\app\test\ApplicationTest.scala:20: not found: type Matchers
Read from stdout: class ApplicationTest extends FlatSpec with Matchers {
class ApplicationTest extends FlatSpec with Matchers {
Read from stdout: ^
                                            ^
Read from stdout: H:\isaacKhaguli\play-rest-api\app\test\ApplicationTest.scala:21: value in is not a member of String
H:\isaacKhaguli\play-rest-api\app\test\ApplicationTest.scala:21: value in is not a member of String
Read from stdout: "respond to the index Action" in new WithApplication(fakeApplication) {
    "respond to the index Action" in new WithApplication(fakeApplication) {
Read from stdout: ^
                                  ^
Read from stdout: H:\isaacKhaguli\play-rest-api\app\test\ApplicationTest.scala:21: not found: type WithApplication
H:\isaacKhaguli\play-rest-api\app\test\ApplicationTest.scala:21: not found: type WithApplication
Read from stdout: "respond to the index Action" in new WithApplication(fakeApplication) {
    "respond to the index Action" in new WithApplication(fakeApplication) {
Read from stdout: ^
                                         ^
Read from stdout: H:\isaacKhaguli\play-rest-api\app\test\ApplicationTest.scala:22: not found: value route
H:\isaacKhaguli\play-rest-api\app\test\ApplicationTest.scala:22: not found: value route
Read from stdout: val Some(result) = route(FakeRequest(GET, "/"))
        val Some(result) = route(FakeRequest(GET, "/"))
Read from stdout: ^
                           ^
Read from stdout: H:\isaacKhaguli\play-rest-api\app\test\ApplicationTest.scala:22: not found: value FakeRequest
H:\isaacKhaguli\play-rest-api\app\test\ApplicationTest.scala:22: not found: value FakeRequest
Read from stdout: val Some(result) = route(FakeRequest(GET, "/"))
        val Some(result) = route(FakeRequest(GET, "/"))
Read from stdout: ^
                                 ^
Read from stdout: H:\isaacKhaguli\play-rest-api\app\test\ApplicationTest.scala:22: not found: value GET
H:\isaacKhaguli\play-rest-api\app\test\ApplicationTest.scala:22: not found: value GET
Read from stdout: val Some(result) = route(FakeRequest(GET, "/"))
        val Some(result) = route(FakeRequest(GET, "/"))
Read from stdout: ^
                                             ^
Read from stdout: H:\isaacKhaguli\play-rest-api\app\test\ApplicationTest.scala:24: not found: value status
H:\isaacKhaguli\play-rest-api\app\test\ApplicationTest.scala:24: not found: value status
Read from stdout: status(result) must equalTo(OK)
        status(result) must equalTo(OK)
Read from stdout: ^
        ^
Read from stdout: H:\isaacKhaguli\play-rest-api\app\test\ApplicationTest.scala:24: not found: value equalTo
H:\isaacKhaguli\play-rest-api\app\test\ApplicationTest.scala:24: not found: value equalTo
Read from stdout: status(result) must equalTo(OK)
        status(result) must equalTo(OK)
Read from stdout: ^
                            ^
Read from stdout: H:\isaacKhaguli\play-rest-api\app\test\ApplicationTest.scala:24: not found: value OK
H:\isaacKhaguli\play-rest-api\app\test\ApplicationTest.scala:24: not found: value OK
Read from stdout: status(result) must equalTo(OK)
        status(result) must equalTo(OK)
Read from stdout: ^
                                    ^
Read from stdout: H:\isaacKhaguli\play-rest-api\app\test\ApplicationTest.scala:25: not found: value contentType
H:\isaacKhaguli\play-rest-api\app\test\ApplicationTest.scala:25: not found: value contentType
Read from stdout: contentType(result) must beSome("text/html")
        contentType(result) must beSome("text/html")
Read from stdout: ^
        ^
Read from stdout: H:\isaacKhaguli\play-rest-api\app\test\ApplicationTest.scala:25: not found: value beSome
H:\isaacKhaguli\play-rest-api\app\test\ApplicationTest.scala:25: not found: value beSome
Read from stdout: contentType(result) must beSome("text/html")
        contentType(result) must beSome("text/html")
Read from stdout: ^
                                 ^
Read from stdout: H:\isaacKhaguli\play-rest-api\app\test\ApplicationTest.scala:26: not found: value charset
H:\isaacKhaguli\play-rest-api\app\test\ApplicationTest.scala:26: not found: value charset
Read from stdout: charset(result) must beSome("utf-8")
        charset(result) must beSome("utf-8")
Read from stdout: ^
        ^
Read from stdout: H:\isaacKhaguli\play-rest-api\app\test\ApplicationTest.scala:26: not found: value beSome
H:\isaacKhaguli\play-rest-api\app\test\ApplicationTest.scala:26: not found: value beSome
Read from stdout: charset(result) must beSome("utf-8")
        charset(result) must beSome("utf-8")
Read from stdout: ^
                             ^
Read from stdout: H:\isaacKhaguli\play-rest-api\app\test\ApplicationTest.scala:27: not found: value contentAsString
H:\isaacKhaguli\play-rest-api\app\test\ApplicationTest.scala:27: not found: value contentAsString
Read from stdout: contentAsString(result) must contain("Isaac Khaguli")
        contentAsString(result) must contain("Isaac Khaguli")
Read from stdout: ^
        ^
Read from stdout: H:\isaacKhaguli\play-rest-api\app\test\ApplicationTest.scala:27: not found: value contain
H:\isaacKhaguli\play-rest-api\app\test\ApplicationTest.scala:27: not found: value contain
Read from stdout: contentAsString(result) must contain("Isaac Khaguli")
        contentAsString(result) must contain("Isaac Khaguli")
Read from stdout: ^
                                     ^
Read from stdout: H:\isaacKhaguli\play-rest-api\app\test\ApplicationTest.scala:30: value in is not a member of String
H:\isaacKhaguli\play-rest-api\app\test\ApplicationTest.scala:30: value in is not a member of String
Read from stdout: "respond to the balance Action" in new WithApplication(fakeApplication) {
    "respond to the balance Action" in new WithApplication(fakeApplication) {
Read from stdout: ^
                                    ^
Read from stdout: H:\isaacKhaguli\play-rest-api\app\test\ApplicationTest.scala:30: not found: type WithApplication
H:\isaacKhaguli\play-rest-api\app\test\ApplicationTest.scala:30: not found: type WithApplication
Read from stdout: "respond to the balance Action" in new WithApplication(fakeApplication) {
    "respond to the balance Action" in new WithApplication(fakeApplication) {
Read from stdout: ^
                                           ^
Read from stdout: H:\isaacKhaguli\play-rest-api\app\test\ApplicationTest.scala:31: not found: value route
H:\isaacKhaguli\play-rest-api\app\test\ApplicationTest.scala:31: not found: value route
Read from stdout: val Some(result) = route(FakeRequest(GET, "/balance/1"))
        val Some(result) = route(FakeRequest(GET, "/balance/1"))
Read from stdout: ^
                           ^
Read from stdout: H:\isaacKhaguli\play-rest-api\app\test\ApplicationTest.scala:31: not found: value FakeRequest
H:\isaacKhaguli\play-rest-api\app\test\ApplicationTest.scala:31: not found: value FakeRequest
Read from stdout: val Some(result) = route(FakeRequest(GET, "/balance/1"))
        val Some(result) = route(FakeRequest(GET, "/balance/1"))
Read from stdout: ^
                                 ^
Read from stdout: H:\isaacKhaguli\play-rest-api\app\test\ApplicationTest.scala:31: not found: value GET
H:\isaacKhaguli\play-rest-api\app\test\ApplicationTest.scala:31: not found: value GET
Read from stdout: val Some(result) = route(FakeRequest(GET, "/balance/1"))
        val Some(result) = route(FakeRequest(GET, "/balance/1"))
Read from stdout: ^
                                             ^
Read from stdout: H:\isaacKhaguli\play-rest-api\app\test\ApplicationTest.scala:33: not found: value status
H:\isaacKhaguli\play-rest-api\app\test\ApplicationTest.scala:33: not found: value status
Read from stdout: status(result) must equalTo(OK)
        status(result) must equalTo(OK)
Read from stdout: ^
        ^
Read from stdout: H:\isaacKhaguli\play-rest-api\app\test\ApplicationTest.scala:33: not found: value equalTo
H:\isaacKhaguli\play-rest-api\app\test\ApplicationTest.scala:33: not found: value equalTo
Read from stdout: status(result) must equalTo(OK)
        status(result) must equalTo(OK)
Read from stdout: ^
                            ^
Read from stdout: H:\isaacKhaguli\play-rest-api\app\test\ApplicationTest.scala:33: not found: value OK
H:\isaacKhaguli\play-rest-api\app\test\ApplicationTest.scala:33: not found: value OK
Read from stdout: status(result) must equalTo(OK)
        status(result) must equalTo(OK)
Read from stdout: ^
                                    ^
Read from stdout: H:\isaacKhaguli\play-rest-api\app\test\ApplicationTest.scala:34: not found: value contentType
H:\isaacKhaguli\play-rest-api\app\test\ApplicationTest.scala:34: not found: value contentType
Read from stdout: contentType(result) must beSome("text/html")
        contentType(result) must beSome("text/html")
Read from stdout: ^
        ^
Read from stdout: H:\isaacKhaguli\play-rest-api\app\test\ApplicationTest.scala:34: not found: value beSome
H:\isaacKhaguli\play-rest-api\app\test\ApplicationTest.scala:34: not found: value beSome
Read from stdout: contentType(result) must beSome("text/html")
        contentType(result) must beSome("text/html")
Read from stdout: ^
                                 ^
Read from stdout: H:\isaacKhaguli\play-rest-api\app\test\ApplicationTest.scala:35: not found: value charset
H:\isaacKhaguli\play-rest-api\app\test\ApplicationTest.scala:35: not found: value charset
Read from stdout: charset(result) must beSome("utf-8")
        charset(result) must beSome("utf-8")
Read from stdout: ^
        ^
Read from stdout: H:\isaacKhaguli\play-rest-api\app\test\ApplicationTest.scala:35: not found: value beSome
H:\isaacKhaguli\play-rest-api\app\test\ApplicationTest.scala:35: not found: value beSome
Read from stdout: charset(result) must beSome("utf-8")
        charset(result) must beSome("utf-8")
Read from stdout: ^
                             ^
Read from stdout: H:\isaacKhaguli\play-rest-api\app\test\ApplicationTest.scala:36: not found: value contentAsString
H:\isaacKhaguli\play-rest-api\app\test\ApplicationTest.scala:36: not found: value contentAsString
Read from stdout: contentAsString(result) must contain("Mama mboga")
        contentAsString(result) must contain("Mama mboga")
Read from stdout: ^
        ^
Read from stdout: H:\isaacKhaguli\play-rest-api\app\test\ApplicationTest.scala:36: not found: value contain
H:\isaacKhaguli\play-rest-api\app\test\ApplicationTest.scala:36: not found: value contain
Read from stdout: contentAsString(result) must contain("Mama mboga")
        contentAsString(result) must contain("Mama mboga")
Read from stdout: ^
                                     ^
Read from stdout: H:\isaacKhaguli\play-rest-api\app\test\ApplicationTest.scala:39: value in is not a member of String
H:\isaacKhaguli\play-rest-api\app\test\ApplicationTest.scala:39: value in is not a member of String
Read from stdout: "respond to the deposit Action" in new WithApplication(fakeApplication) {
    "respond to the deposit Action" in new WithApplication(fakeApplication) {
Read from stdout: ^
                                    ^
Read from stdout: H:\isaacKhaguli\play-rest-api\app\test\ApplicationTest.scala:39: not found: type WithApplication
H:\isaacKhaguli\play-rest-api\app\test\ApplicationTest.scala:39: not found: type WithApplication
Read from stdout: "respond to the deposit Action" in new WithApplication(fakeApplication) {
    "respond to the deposit Action" in new WithApplication(fakeApplication) {
Read from stdout: ^
                                           ^
Read from stdout: H:\isaacKhaguli\play-rest-api\app\test\ApplicationTest.scala:40: not found: value route
H:\isaacKhaguli\play-rest-api\app\test\ApplicationTest.scala:40: not found: value route
Read from stdout: val Some(result) = route(FakeRequest(GET, "/deposit/1/1000"))
        val Some(result) = route(FakeRequest(GET, "/deposit/1/1000"))
Read from stdout: ^
                           ^
Read from stdout: H:\isaacKhaguli\play-rest-api\app\test\ApplicationTest.scala:40: not found: value FakeRequest
H:\isaacKhaguli\play-rest-api\app\test\ApplicationTest.scala:40: not found: value FakeRequest
Read from stdout: val Some(result) = route(FakeRequest(GET, "/deposit/1/1000"))
        val Some(result) = route(FakeRequest(GET, "/deposit/1/1000"))
Read from stdout: ^
                                 ^
Read from stdout: H:\isaacKhaguli\play-rest-api\app\test\ApplicationTest.scala:40: not found: value GET
H:\isaacKhaguli\play-rest-api\app\test\ApplicationTest.scala:40: not found: value GET
Read from stdout: val Some(result) = route(FakeRequest(GET, "/deposit/1/1000"))
        val Some(result) = route(FakeRequest(GET, "/deposit/1/1000"))
Read from stdout: ^
                                             ^
Read from stdout: H:\isaacKhaguli\play-rest-api\app\test\ApplicationTest.scala:42: not found: value status
H:\isaacKhaguli\play-rest-api\app\test\ApplicationTest.scala:42: not found: value status
Read from stdout: status(result) must equalTo(OK)
        status(result) must equalTo(OK)
Read from stdout: ^
        ^
Read from stdout: H:\isaacKhaguli\play-rest-api\app\test\ApplicationTest.scala:42: not found: value equalTo
H:\isaacKhaguli\play-rest-api\app\test\ApplicationTest.scala:42: not found: value equalTo
Read from stdout: status(result) must equalTo(OK)
        status(result) must equalTo(OK)
Read from stdout: ^
                            ^
Read from stdout: H:\isaacKhaguli\play-rest-api\app\test\ApplicationTest.scala:42: not found: value OK
H:\isaacKhaguli\play-rest-api\app\test\ApplicationTest.scala:42: not found: value OK
Read from stdout: status(result) must equalTo(OK)
        status(result) must equalTo(OK)
Read from stdout: ^
                                    ^
Read from stdout: H:\isaacKhaguli\play-rest-api\app\test\ApplicationTest.scala:43: not found: value contentType
H:\isaacKhaguli\play-rest-api\app\test\ApplicationTest.scala:43: not found: value contentType
Read from stdout: contentType(result) must beSome("text/html")
        contentType(result) must beSome("text/html")
Read from stdout: ^
        ^
Read from stdout: H:\isaacKhaguli\play-rest-api\app\test\ApplicationTest.scala:43: not found: value beSome
H:\isaacKhaguli\play-rest-api\app\test\ApplicationTest.scala:43: not found: value beSome
Read from stdout: contentType(result) must beSome("text/html")
        contentType(result) must beSome("text/html")
Read from stdout: ^
                                 ^
Read from stdout: H:\isaacKhaguli\play-rest-api\app\test\ApplicationTest.scala:44: not found: value charset
H:\isaacKhaguli\play-rest-api\app\test\ApplicationTest.scala:44: not found: value charset
Read from stdout: charset(result) must beSome("utf-8")
        charset(result) must beSome("utf-8")
Read from stdout: ^
        ^
Read from stdout: H:\isaacKhaguli\play-rest-api\app\test\ApplicationTest.scala:44: not found: value beSome
H:\isaacKhaguli\play-rest-api\app\test\ApplicationTest.scala:44: not found: value beSome
Read from stdout: charset(result) must beSome("utf-8")
        charset(result) must beSome("utf-8")
Read from stdout: ^
                             ^
Read from stdout: H:\isaacKhaguli\play-rest-api\app\test\ApplicationTest.scala:45: not found: value contentAsString
H:\isaacKhaguli\play-rest-api\app\test\ApplicationTest.scala:45: not found: value contentAsString
Read from stdout: contentAsString(result) must contain("Exceeded Maximum deposit per transaction")
        contentAsString(result) must contain("Exceeded Maximum deposit per transaction")
Read from stdout: ^
        ^
Read from stdout: H:\isaacKhaguli\play-rest-api\app\test\ApplicationTest.scala:45: not found: value contain
H:\isaacKhaguli\play-rest-api\app\test\ApplicationTest.scala:45: not found: value contain
Read from stdout: contentAsString(result) must contain("Exceeded Maximum deposit per transaction")
        contentAsString(result) must contain("Exceeded Maximum deposit per transaction")
Read from stdout: ^
                                     ^
Read from stdout: 45 errors found
45 errors found
Compilation failed (CompilerInterface)
Read from stdout: (root/compile:compileIncremental) Compilation failed
(root/compile:compileIncremental) Compilation failed
Total time: 7 s, completed Feb 12, 2017 4:42:55 AM
> server-post-command-error-handler
> server-post-command-cleanup
> server-handle-next-server-request
> {file:/H:/isaacKhaguli/play-rest-api/}root/compile:mainClass
Evaluating tasks: root/compile:mainClass
Running task... Cancel: sbt.server.ServerTaskCancellation@8ba26b, check cycles: false
Total time: 0 s, completed Feb 12, 2017 4:42:56 AM
> server-post-command-cleanup
> server-handle-next-server-request
> {file:/H:/isaacKhaguli/play-rest-api/}root/compile:discoveredMainClasses
Evaluating tasks: root/compile:discoveredMainClasses
Running task... Cancel: sbt.server.ServerTaskCancellation@13c0f99, check cycles: false
Read from stdout: Multiple resolvers having different access mechanism configured with same name 'typesafe-releases'. To avoid conflict, Remove duplicate project resolvers (`resolvers`) or rename publishing resolver (`publishTo`).
Multiple resolvers having different access mechanism configured with same name 'typesafe-releases'. To avoid conflict, Remove duplicate project resolvers (`resolvers`) or rename publishing resolver (`publishTo`).

Initial source changes: 
	removed:Set()
	added: Set()
	modified: Set(H:\isaacKhaguli\play-rest-api\app\test\ApplicationTest.scala)
Removed products: Set()
External API changes: API Changes: Set()
Modified binary dependencies: Set()
Initial directly invalidated sources: Set(H:\isaacKhaguli\play-rest-api\app\test\ApplicationTest.scala)

Sources indirectly invalidated by:
	product: Set()
	binary dep: Set()
	external source: Set()
All initially invalidated sources: Set(H:\isaacKhaguli\play-rest-api\app\test\ApplicationTest.scala)

Read from stdout: Compiling 1 Scala source to H:\isaacKhaguli\play-rest-api\target\scala-2.11\classes...
Compiling 1 Scala source to H:\isaacKhaguli\play-rest-api\target\scala-2.11\classes...
Getting compiler-interface from component compiler for Scala 2.11.8
Other repositories:
Default repositories:
Getting compiler-interface from component compiler for Scala 2.11.8
Other repositories:
Default repositories:
Running cached compiler 1f4cdd3, interfacing (CompilerInterface) with Scala compiler version 2.11.8
Calling Scala compiler with arguments  (CompilerInterface):
	-encoding
	UTF-8
	-target:jvm-1.8
	-deprecation
	-feature
	-unchecked
	-Xlint
	-Yno-adapted-args
	-Ywarn-numeric-widen
	-Xfatal-warnings
	-deprecation
	-unchecked
	-encoding
	utf8
	-bootclasspath
	C:\Java\jdk1.8.0_112\jre\lib\resources.jar;C:\Java\jdk1.8.0_112\jre\lib\rt.jar;C:\Java\jdk1.8.0_112\jre\lib\sunrsasign.jar;C:\Java\jdk1.8.0_112\jre\lib\jsse.jar;C:\Java\jdk1.8.0_112\jre\lib\jce.jar;C:\Java\jdk1.8.0_112\jre\lib\charsets.jar;C:\Java\jdk1.8.0_112\jre\lib\jfr.jar;C:\Java\jdk1.8.0_112\jre\classes;C:\Users\isaac khaguli\.ivy2\cache\org.scala-lang\scala-library\jars\scala-library-2.11.8.jar
	-classpath
	H:\isaacKhaguli\play-rest-api\target\scala-2.11\classes;H:\activator-dist-1.3.12\repository\com.typesafe.play\twirl-api_2.11\1.1.1\jars\twirl-api_2.11.jar;H:\activator-dist-1.3.12\repository\org.apache.commons\commons-lang3\3.4\jars\commons-lang3.jar;C:\Users\isaac khaguli\.ivy2\cache\org.scala-lang.modules\scala-xml_2.11\bundles\scala-xml_2.11-1.0.1.jar;C:\Users\isaac khaguli\.ivy2\cache\com.typesafe.play\play-server_2.11\jars\play-server_2.11-2.5.10.jar;C:\Users\isaac khaguli\.ivy2\cache\com.typesafe.play\play_2.11\jars\play_2.11-2.5.10.jar;C:\Users\isaac khaguli\.ivy2\cache\com.typesafe.play\build-link\jars\build-link-2.5.10.jar;C:\Users\isaac khaguli\.ivy2\cache\com.typesafe.play\play-exceptions\jars\play-exceptions-2.5.10.jar;C:\Users\isaac khaguli\.ivy2\cache\com.typesafe.play\play-iteratees_2.11\jars\play-iteratees_2.11-2.5.10.jar;C:\Users\isaac khaguli\.ivy2\cache\org.scala-stm\scala-stm_2.11\jars\scala-stm_2.11-0.7.jar;H:\activator-dist-1.3.12\repository\com.typesafe\config\1.3.0\bundles\config.jar;C:\Users\isaac khaguli\.ivy2\cache\com.typesafe.play\play-json_2.11\jars\play-json_2.11-2.5.10.jar;C:\Users\isaac khaguli\.ivy2\cache\com.typesafe.play\play-functional_2.11\jars\play-functional_2.11-2.5.10.jar;C:\Users\isaac khaguli\.ivy2\cache\com.typesafe.play\play-datacommons_2.11\jars\play-datacommons_2.11-2.5.10.jar;C:\Users\isaac khaguli\.ivy2\cache\joda-time\joda-time\jars\joda-time-2.9.6.jar;H:\activator-dist-1.3.12\repository\org.joda\joda-convert\1.8.1\jars\joda-convert.jar;H:\activator-dist-1.3.12\repository\org.scala-lang\scala-reflect\2.11.7\jars\scala-reflect.jar;C:\Users\isaac khaguli\.ivy2\cache\com.fasterxml.jackson.core\jackson-core\bundles\jackson-core-2.7.8.jar;C:\Users\isaac khaguli\.ivy2\cache\com.fasterxml.jackson.core\jackson-annotations\bundles\jackson-annotations-2.7.8.jar;C:\Users\isaac khaguli\.ivy2\cache\com.fasterxml.jackson.core\jackson-databind\bundles\jackson-databind-2.7.8.jar;C:\Users\isaac khaguli\.ivy2\cache\com.fasterxml.jackson.datatype\jackson-datatype-jdk8\bundles\jackson-datatype-jdk8-2.7.8.jar;C:\Users\isaac khaguli\.ivy2\cache\com.fasterxml.jackson.datatype\jackson-datatype-jsr310\bundles\jackson-datatype-jsr310-2.7.8.jar;C:\Users\isaac khaguli\.ivy2\cache\com.typesafe.play\play-netty-utils\jars\play-netty-utils-2.5.10.jar;H:\activator-dist-1.3.12\repository\org.slf4j\slf4j-api\1.7.21\jars\slf4j-api.jar;H:\activator-dist-1.3.12\repository\org.slf4j\jul-to-slf4j\1.7.21\jars\jul-to-slf4j.jar;H:\activator-dist-1.3.12\repository\org.slf4j\jcl-over-slf4j\1.7.21\jars\jcl-over-slf4j.jar;C:\Users\isaac khaguli\.ivy2\cache\com.typesafe.play\play-streams_2.11\jars\play-streams_2.11-2.5.10.jar;H:\activator-dist-1.3.12\repository\org.reactivestreams\reactive-streams\1.0.0\jars\reactive-streams.jar;C:\Users\isaac khaguli\.ivy2\cache\com.typesafe.akka\akka-stream_2.11\jars\akka-stream_2.11-2.4.12.jar;C:\Users\isaac khaguli\.ivy2\cache\com.typesafe.akka\akka-actor_2.11\jars\akka-actor_2.11-2.4.12.jar;H:\activator-dist-1.3.12\repository\org.scala-lang.modules\scala-java8-compat_2.11\0.7.0\bundles\scala-java8-compat_2.11.jar;H:\activator-dist-1.3.12\repository\com.typesafe\ssl-config-core_2.11\0.2.1\bundles\ssl-config-core_2.11.jar;C:\Users\isaac khaguli\.ivy2\cache\org.scala-lang.modules\scala-parser-combinators_2.11\bundles\scala-parser-combinators_2.11-1.0.4.jar;C:\Users\isaac khaguli\.ivy2\cache\com.typesafe.akka\akka-slf4j_2.11\jars\akka-slf4j_2.11-2.4.12.jar;H:\activator-dist-1.3.12\repository\commons-codec\commons-codec\1.10\jars\commons-codec.jar;C:\Users\isaac khaguli\.ivy2\cache\xerces\xercesImpl\jars\xercesImpl-2.11.0.jar;C:\Users\isaac khaguli\.ivy2\cache\xml-apis\xml-apis\jars\xml-apis-1.4.01.jar;C:\Users\isaac khaguli\.ivy2\cache\javax.transaction\jta\jars\jta-1.1.jar;H:\activator-dist-1.3.12\repository\javax.inject\javax.inject\1\jars\javax.inject.jar;H:\activator-dist-1.3.12\repository\aopalliance\aopalliance\1.0\jars\aopalliance.jar;H:\activator-dist-1.3.12\repository\com.google.inject.extensions\guice-assistedinject\4.0\jars\guice-assistedinject.jar;C:\Users\isaac khaguli\.ivy2\cache\com.typesafe.play\play-netty-server_2.11\jars\play-netty-server_2.11-2.5.10.jar;H:\activator-dist-1.3.12\repository\com.typesafe.netty\netty-reactive-streams-http\1.0.8\jars\netty-reactive-streams-http.jar;H:\activator-dist-1.3.12\repository\com.typesafe.netty\netty-reactive-streams\1.0.8\jars\netty-reactive-streams.jar;H:\activator-dist-1.3.12\repository\io.netty\netty-handler\4.0.41.Final\jars\netty-handler.jar;H:\activator-dist-1.3.12\repository\io.netty\netty-buffer\4.0.41.Final\jars\netty-buffer.jar;H:\activator-dist-1.3.12\repository\io.netty\netty-common\4.0.41.Final\jars\netty-common.jar;H:\activator-dist-1.3.12\repository\io.netty\netty-transport\4.0.41.Final\jars\netty-transport.jar;H:\activator-dist-1.3.12\repository\io.netty\netty-codec\4.0.41.Final\jars\netty-codec.jar;H:\activator-dist-1.3.12\repository\io.netty\netty-codec-http\4.0.41.Final\jars\netty-codec-http.jar;H:\activator-dist-1.3.12\repository\io.netty\netty-transport-native-epoll\4.0.41.Final\jars\netty-transport-native-epoll-linux-x86_64.jar;C:\Users\isaac khaguli\.ivy2\cache\com.typesafe.play\play-logback_2.11\jars\play-logback_2.11-2.5.10.jar;H:\activator-dist-1.3.12\repository\ch.qos.logback\logback-classic\1.1.7\jars\logback-classic.jar;H:\activator-dist-1.3.12\repository\ch.qos.logback\logback-core\1.1.7\jars\logback-core.jar;C:\Users\isaac khaguli\.ivy2\cache\com.netaporter\scala-uri_2.11\jars\scala-uri_2.11-0.4.14.jar;C:\Users\isaac khaguli\.ivy2\cache\org.parboiled\parboiled_2.11\jars\parboiled_2.11-2.1.0.jar;C:\Users\isaac khaguli\.ivy2\cache\com.chuusai\shapeless_2.11\bundles\shapeless_2.11-2.1.0.jar;C:\Users\isaac khaguli\.ivy2\cache\io.spray\spray-json_2.11\bundles\spray-json_2.11-1.3.2.jar;C:\Users\isaac khaguli\.ivy2\cache\net.codingwell\scala-guice_2.11\jars\scala-guice_2.11-4.1.0.jar;C:\Users\isaac khaguli\.ivy2\cache\com.google.inject\guice\jars\guice-4.1.0.jar;H:\activator-dist-1.3.12\repository\com.google.guava\guava\19.0\bundles\guava.jar;C:\Users\isaac khaguli\.ivy2\cache\com.google.inject.extensions\guice-multibindings\jars\guice-multibindings-4.1.0.jar;H:\activator-dist-1.3.12\repository\com.google.code.findbugs\jsr305\3.0.1\jars\jsr305.jar
Read from stdout: H:\isaacKhaguli\play-rest-api\app\test\ApplicationTest.scala:18: object scalatest is not a member of package org
H:\isaacKhaguli\play-rest-api\app\test\ApplicationTest.scala:18: object scalatest is not a member of package org
Read from stdout: import org.scalatest._
import org.scalatest._
Read from stdout: ^
           ^
Read from stdout: H:\isaacKhaguli\play-rest-api\app\test\ApplicationTest.scala:20: not found: type FlatSpec
H:\isaacKhaguli\play-rest-api\app\test\ApplicationTest.scala:20: not found: type FlatSpec
Read from stdout: class ApplicationTest extends FlatSpec with Matchers {
class ApplicationTest extends FlatSpec with Matchers {
Read from stdout: ^
                              ^
Read from stdout: H:\isaacKhaguli\play-rest-api\app\test\ApplicationTest.scala:20: not found: type Matchers
H:\isaacKhaguli\play-rest-api\app\test\ApplicationTest.scala:20: not found: type Matchers
Read from stdout: class ApplicationTest extends FlatSpec with Matchers {
class ApplicationTest extends FlatSpec with Matchers {
Read from stdout: ^
                                            ^
Read from stdout: H:\isaacKhaguli\play-rest-api\app\test\ApplicationTest.scala:21: value in is not a member of String
H:\isaacKhaguli\play-rest-api\app\test\ApplicationTest.scala:21: value in is not a member of String
Read from stdout: "respond to the index Action" in new WithApplication(fakeApplication) {
    "respond to the index Action" in new WithApplication(fakeApplication) {
Read from stdout: ^
                                  ^
Read from stdout: H:\isaacKhaguli\play-rest-api\app\test\ApplicationTest.scala:21: not found: type WithApplication
H:\isaacKhaguli\play-rest-api\app\test\ApplicationTest.scala:21: not found: type WithApplication
Read from stdout: "respond to the index Action" in new WithApplication(fakeApplication) {
    "respond to the index Action" in new WithApplication(fakeApplication) {
Read from stdout: ^
                                         ^
Read from stdout: H:\isaacKhaguli\play-rest-api\app\test\ApplicationTest.scala:22: not found: value route
H:\isaacKhaguli\play-rest-api\app\test\ApplicationTest.scala:22: not found: value route
Read from stdout: val Some(result) = route(FakeRequest(GET, "/"))
        val Some(result) = route(FakeRequest(GET, "/"))
Read from stdout: ^
                           ^
Read from stdout: H:\isaacKhaguli\play-rest-api\app\test\ApplicationTest.scala:22: not found: value FakeRequest
H:\isaacKhaguli\play-rest-api\app\test\ApplicationTest.scala:22: not found: value FakeRequest
Read from stdout: val Some(result) = route(FakeRequest(GET, "/"))
        val Some(result) = route(FakeRequest(GET, "/"))
Read from stdout: ^
                                 ^
Read from stdout: H:\isaacKhaguli\play-rest-api\app\test\ApplicationTest.scala:22: not found: value GET
H:\isaacKhaguli\play-rest-api\app\test\ApplicationTest.scala:22: not found: value GET
Read from stdout: val Some(result) = route(FakeRequest(GET, "/"))
        val Some(result) = route(FakeRequest(GET, "/"))
Read from stdout: ^
                                             ^
Read from stdout: H:\isaacKhaguli\play-rest-api\app\test\ApplicationTest.scala:24: not found: value status
H:\isaacKhaguli\play-rest-api\app\test\ApplicationTest.scala:24: not found: value status
Read from stdout: status(result) must equalTo(OK)
        status(result) must equalTo(OK)
Read from stdout: ^
        ^
Read from stdout: H:\isaacKhaguli\play-rest-api\app\test\ApplicationTest.scala:24: not found: value equalTo
H:\isaacKhaguli\play-rest-api\app\test\ApplicationTest.scala:24: not found: value equalTo
Read from stdout: status(result) must equalTo(OK)
        status(result) must equalTo(OK)
Read from stdout: ^
                            ^
Read from stdout: H:\isaacKhaguli\play-rest-api\app\test\ApplicationTest.scala:24: not found: value OK
H:\isaacKhaguli\play-rest-api\app\test\ApplicationTest.scala:24: not found: value OK
Read from stdout: status(result) must equalTo(OK)
        status(result) must equalTo(OK)
Read from stdout: ^
                                    ^
Read from stdout: H:\isaacKhaguli\play-rest-api\app\test\ApplicationTest.scala:25: not found: value contentType
H:\isaacKhaguli\play-rest-api\app\test\ApplicationTest.scala:25: not found: value contentType
Read from stdout: contentType(result) must beSome("text/html")
        contentType(result) must beSome("text/html")
Read from stdout: ^
        ^
Read from stdout: H:\isaacKhaguli\play-rest-api\app\test\ApplicationTest.scala:25: not found: value beSome
H:\isaacKhaguli\play-rest-api\app\test\ApplicationTest.scala:25: not found: value beSome
Read from stdout: contentType(result) must beSome("text/html")
        contentType(result) must beSome("text/html")
Read from stdout: ^
                                 ^
Read from stdout: H:\isaacKhaguli\play-rest-api\app\test\ApplicationTest.scala:26: not found: value charset
H:\isaacKhaguli\play-rest-api\app\test\ApplicationTest.scala:26: not found: value charset
Read from stdout: charset(result) must beSome("utf-8")
        charset(result) must beSome("utf-8")
Read from stdout: ^
        ^
Read from stdout: H:\isaacKhaguli\play-rest-api\app\test\ApplicationTest.scala:26: not found: value beSome
H:\isaacKhaguli\play-rest-api\app\test\ApplicationTest.scala:26: not found: value beSome
Read from stdout: charset(result) must beSome("utf-8")
        charset(result) must beSome("utf-8")
Read from stdout: ^
                             ^
Read from stdout: H:\isaacKhaguli\play-rest-api\app\test\ApplicationTest.scala:27: not found: value contentAsString
H:\isaacKhaguli\play-rest-api\app\test\ApplicationTest.scala:27: not found: value contentAsString
Read from stdout: contentAsString(result) must contain("Isaac Khaguli")
        contentAsString(result) must contain("Isaac Khaguli")
Read from stdout: ^
        ^
Read from stdout: H:\isaacKhaguli\play-rest-api\app\test\ApplicationTest.scala:27: not found: value contain
H:\isaacKhaguli\play-rest-api\app\test\ApplicationTest.scala:27: not found: value contain
Read from stdout: contentAsString(result) must contain("Isaac Khaguli")
        contentAsString(result) must contain("Isaac Khaguli")
Read from stdout: ^
                                     ^
Read from stdout: H:\isaacKhaguli\play-rest-api\app\test\ApplicationTest.scala:30: value in is not a member of String
H:\isaacKhaguli\play-rest-api\app\test\ApplicationTest.scala:30: value in is not a member of String
Read from stdout: "respond to the balance Action" in new WithApplication(fakeApplication) {
    "respond to the balance Action" in new WithApplication(fakeApplication) {
Read from stdout: ^
                                    ^
Read from stdout: H:\isaacKhaguli\play-rest-api\app\test\ApplicationTest.scala:30: not found: type WithApplication
H:\isaacKhaguli\play-rest-api\app\test\ApplicationTest.scala:30: not found: type WithApplication
Read from stdout: "respond to the balance Action" in new WithApplication(fakeApplication) {
    "respond to the balance Action" in new WithApplication(fakeApplication) {
Read from stdout: ^
                                           ^
Read from stdout: H:\isaacKhaguli\play-rest-api\app\test\ApplicationTest.scala:31: not found: value route
H:\isaacKhaguli\play-rest-api\app\test\ApplicationTest.scala:31: not found: value route
Read from stdout: val Some(result) = route(FakeRequest(GET, "/balance/1"))
        val Some(result) = route(FakeRequest(GET, "/balance/1"))
Read from stdout: ^
                           ^
Read from stdout: H:\isaacKhaguli\play-rest-api\app\test\ApplicationTest.scala:31: not found: value FakeRequest
H:\isaacKhaguli\play-rest-api\app\test\ApplicationTest.scala:31: not found: value FakeRequest
Read from stdout: val Some(result) = route(FakeRequest(GET, "/balance/1"))
        val Some(result) = route(FakeRequest(GET, "/balance/1"))
Read from stdout: ^
                                 ^
Read from stdout: H:\isaacKhaguli\play-rest-api\app\test\ApplicationTest.scala:31: not found: value GET
H:\isaacKhaguli\play-rest-api\app\test\ApplicationTest.scala:31: not found: value GET
Read from stdout: val Some(result) = route(FakeRequest(GET, "/balance/1"))
        val Some(result) = route(FakeRequest(GET, "/balance/1"))
Read from stdout: ^
                                             ^
Read from stdout: H:\isaacKhaguli\play-rest-api\app\test\ApplicationTest.scala:33: not found: value status
H:\isaacKhaguli\play-rest-api\app\test\ApplicationTest.scala:33: not found: value status
Read from stdout: status(result) must equalTo(OK)
        status(result) must equalTo(OK)
Read from stdout: ^
        ^
Read from stdout: H:\isaacKhaguli\play-rest-api\app\test\ApplicationTest.scala:33: not found: value equalTo
H:\isaacKhaguli\play-rest-api\app\test\ApplicationTest.scala:33: not found: value equalTo
Read from stdout: status(result) must equalTo(OK)
        status(result) must equalTo(OK)
Read from stdout: ^
                            ^
Read from stdout: H:\isaacKhaguli\play-rest-api\app\test\ApplicationTest.scala:33: not found: value OK
H:\isaacKhaguli\play-rest-api\app\test\ApplicationTest.scala:33: not found: value OK
Read from stdout: status(result) must equalTo(OK)
        status(result) must equalTo(OK)
Read from stdout: ^
                                    ^
Read from stdout: H:\isaacKhaguli\play-rest-api\app\test\ApplicationTest.scala:34: not found: value contentType
H:\isaacKhaguli\play-rest-api\app\test\ApplicationTest.scala:34: not found: value contentType
Read from stdout: contentType(result) must beSome("text/html")
        contentType(result) must beSome("text/html")
Read from stdout: ^
        ^
Read from stdout: H:\isaacKhaguli\play-rest-api\app\test\ApplicationTest.scala:34: not found: value beSome
H:\isaacKhaguli\play-rest-api\app\test\ApplicationTest.scala:34: not found: value beSome
Read from stdout: contentType(result) must beSome("text/html")
        contentType(result) must beSome("text/html")
Read from stdout: ^
                                 ^
Read from stdout: H:\isaacKhaguli\play-rest-api\app\test\ApplicationTest.scala:35: not found: value charset
H:\isaacKhaguli\play-rest-api\app\test\ApplicationTest.scala:35: not found: value charset
Read from stdout: charset(result) must beSome("utf-8")
        charset(result) must beSome("utf-8")
Read from stdout: ^
        ^
Read from stdout: H:\isaacKhaguli\play-rest-api\app\test\ApplicationTest.scala:35: not found: value beSome
H:\isaacKhaguli\play-rest-api\app\test\ApplicationTest.scala:35: not found: value beSome
Read from stdout: charset(result) must beSome("utf-8")
        charset(result) must beSome("utf-8")
Read from stdout: ^
                             ^
Read from stdout: H:\isaacKhaguli\play-rest-api\app\test\ApplicationTest.scala:36: not found: value contentAsString
H:\isaacKhaguli\play-rest-api\app\test\ApplicationTest.scala:36: not found: value contentAsString
Read from stdout: contentAsString(result) must contain("Mama mboga")
        contentAsString(result) must contain("Mama mboga")
Read from stdout: ^
        ^
Read from stdout: H:\isaacKhaguli\play-rest-api\app\test\ApplicationTest.scala:36: not found: value contain
H:\isaacKhaguli\play-rest-api\app\test\ApplicationTest.scala:36: not found: value contain
Read from stdout: contentAsString(result) must contain("Mama mboga")
        contentAsString(result) must contain("Mama mboga")
Read from stdout: ^
                                     ^
Read from stdout: H:\isaacKhaguli\play-rest-api\app\test\ApplicationTest.scala:39: value in is not a member of String
H:\isaacKhaguli\play-rest-api\app\test\ApplicationTest.scala:39: value in is not a member of String
Read from stdout: "respond to the deposit Action" in new WithApplication(fakeApplication) {
    "respond to the deposit Action" in new WithApplication(fakeApplication) {
Read from stdout: ^
                                    ^
Read from stdout: H:\isaacKhaguli\play-rest-api\app\test\ApplicationTest.scala:39: not found: type WithApplication
H:\isaacKhaguli\play-rest-api\app\test\ApplicationTest.scala:39: not found: type WithApplication
Read from stdout: "respond to the deposit Action" in new WithApplication(fakeApplication) {
    "respond to the deposit Action" in new WithApplication(fakeApplication) {
Read from stdout: ^
                                           ^
Read from stdout: H:\isaacKhaguli\play-rest-api\app\test\ApplicationTest.scala:40: not found: value route
H:\isaacKhaguli\play-rest-api\app\test\ApplicationTest.scala:40: not found: value route
Read from stdout: val Some(result) = route(FakeRequest(GET, "/deposit/1/1000"))
        val Some(result) = route(FakeRequest(GET, "/deposit/1/1000"))
Read from stdout: ^
                           ^
Read from stdout: H:\isaacKhaguli\play-rest-api\app\test\ApplicationTest.scala:40: not found: value FakeRequest
H:\isaacKhaguli\play-rest-api\app\test\ApplicationTest.scala:40: not found: value FakeRequest
Read from stdout: val Some(result) = route(FakeRequest(GET, "/deposit/1/1000"))
        val Some(result) = route(FakeRequest(GET, "/deposit/1/1000"))
Read from stdout: ^
                                 ^
Read from stdout: H:\isaacKhaguli\play-rest-api\app\test\ApplicationTest.scala:40: not found: value GET
H:\isaacKhaguli\play-rest-api\app\test\ApplicationTest.scala:40: not found: value GET
Read from stdout: val Some(result) = route(FakeRequest(GET, "/deposit/1/1000"))
        val Some(result) = route(FakeRequest(GET, "/deposit/1/1000"))
Read from stdout: ^
                                             ^
Read from stdout: H:\isaacKhaguli\play-rest-api\app\test\ApplicationTest.scala:42: not found: value status
H:\isaacKhaguli\play-rest-api\app\test\ApplicationTest.scala:42: not found: value status
Read from stdout: status(result) must equalTo(OK)
        status(result) must equalTo(OK)
Read from stdout: ^
        ^
Read from stdout: H:\isaacKhaguli\play-rest-api\app\test\ApplicationTest.scala:42: not found: value equalTo
H:\isaacKhaguli\play-rest-api\app\test\ApplicationTest.scala:42: not found: value equalTo
Read from stdout: status(result) must equalTo(OK)
        status(result) must equalTo(OK)
Read from stdout: ^
                            ^
Read from stdout: H:\isaacKhaguli\play-rest-api\app\test\ApplicationTest.scala:42: not found: value OK
H:\isaacKhaguli\play-rest-api\app\test\ApplicationTest.scala:42: not found: value OK
Read from stdout: status(result) must equalTo(OK)
        status(result) must equalTo(OK)
Read from stdout: ^
                                    ^
Read from stdout: H:\isaacKhaguli\play-rest-api\app\test\ApplicationTest.scala:43: not found: value contentType
H:\isaacKhaguli\play-rest-api\app\test\ApplicationTest.scala:43: not found: value contentType
Read from stdout: contentType(result) must beSome("text/html")
        contentType(result) must beSome("text/html")
Read from stdout: ^
        ^
Read from stdout: H:\isaacKhaguli\play-rest-api\app\test\ApplicationTest.scala:43: not found: value beSome
H:\isaacKhaguli\play-rest-api\app\test\ApplicationTest.scala:43: not found: value beSome
Read from stdout: contentType(result) must beSome("text/html")
        contentType(result) must beSome("text/html")
Read from stdout: ^
                                 ^
Read from stdout: H:\isaacKhaguli\play-rest-api\app\test\ApplicationTest.scala:44: not found: value charset
H:\isaacKhaguli\play-rest-api\app\test\ApplicationTest.scala:44: not found: value charset
Read from stdout: charset(result) must beSome("utf-8")
        charset(result) must beSome("utf-8")
Read from stdout: ^
        ^
Read from stdout: H:\isaacKhaguli\play-rest-api\app\test\ApplicationTest.scala:44: not found: value beSome
H:\isaacKhaguli\play-rest-api\app\test\ApplicationTest.scala:44: not found: value beSome
Read from stdout: charset(result) must beSome("utf-8")
        charset(result) must beSome("utf-8")
Read from stdout: ^
                             ^
Read from stdout: H:\isaacKhaguli\play-rest-api\app\test\ApplicationTest.scala:45: not found: value contentAsString
H:\isaacKhaguli\play-rest-api\app\test\ApplicationTest.scala:45: not found: value contentAsString
Read from stdout: contentAsString(result) must contain("Exceeded Maximum deposit per transaction")
        contentAsString(result) must contain("Exceeded Maximum deposit per transaction")
Read from stdout: ^
        ^
Read from stdout: H:\isaacKhaguli\play-rest-api\app\test\ApplicationTest.scala:45: not found: value contain
H:\isaacKhaguli\play-rest-api\app\test\ApplicationTest.scala:45: not found: value contain
Read from stdout: contentAsString(result) must contain("Exceeded Maximum deposit per transaction")
        contentAsString(result) must contain("Exceeded Maximum deposit per transaction")
Read from stdout: ^
                                     ^
Read from stdout: 45 errors found
45 errors found
Compilation failed (CompilerInterface)
Read from stdout: (root/compile:compileIncremental) Compilation failed
(root/compile:compileIncremental) Compilation failed
Total time: 3 s, completed Feb 12, 2017 4:42:59 AM
> server-post-command-error-handler
> server-post-command-cleanup
> server-handle-next-server-request
> {file:/H:/isaacKhaguli/play-rest-api/}root/compile:mainClass
Evaluating tasks: root/compile:mainClass
Running task... Cancel: sbt.server.ServerTaskCancellation@14e1b30, check cycles: false
Total time: 0 s, completed Feb 12, 2017 4:43:00 AM
> server-post-command-cleanup
> server-handle-next-server-request
Done executing sbt server engine, result Right(Exit(0))
Closing listening server socket
Waiting for socket thread
Waiting for request processor thread
Waiting for command engine result
Returning control to sbt launcher with result Exit(0)
Closing the 25572@X-PC logs at Sun Feb 12 04:43:36 EAT 2017, goodbye.
